#
# There is insufficient memory for the Java Runtime Environment to continue.
# Native memory allocation (malloc) failed to allocate 1616816 bytes for Chunk::new
# Possible reasons:
#   The system is out of physical RAM or swap space
#   The process is running with CompressedOops enabled, and the Java Heap may be blocking the growth of the native heap
# Possible solutions:
#   Reduce memory load on the system
#   Increase physical memory or swap space
#   Check if swap backing store is full
#   Decrease Java heap size (-Xmx/-Xms)
#   Decrease number of Java threads
#   Decrease Java thread stack sizes (-Xss)
#   Set larger code cache with -XX:ReservedCodeCacheSize=
#   JVM is running with Unscaled Compressed Oops mode in which the Java heap is
#     placed in the first 4GB address space. The Java Heap base address is the
#     maximum limit for the native heap growth. Please use -XX:HeapBaseMinAddress
#     to set the Java Heap base and to place the Java Heap above 4GB virtual address.
# This output file may be truncated or incomplete.
#
#  Out of Memory Error (./src/hotspot/share/memory/arena.cpp:197), pid=7004, tid=15064
#
# JRE version: OpenJDK Runtime Environment (11.0.8+10) (build 11.0.8+10-b944.6842174)
# Java VM: OpenJDK 64-Bit Server VM (11.0.8+10-b944.6842174, mixed mode, tiered, compressed oops, g1 gc, windows-amd64)
# No core dump will be written. Minidumps are not enabled by default on client versions of Windows
#

---------------  S U M M A R Y ------------

Command Line: --add-opens=java.base/java.util=ALL-UNNAMED --add-opens=java.base/java.lang=ALL-UNNAMED --add-opens=java.base/java.lang.invoke=ALL-UNNAMED --add-opens=java.prefs/java.util.prefs=ALL-UNNAMED -Xmx2048m -Dfile.encoding=UTF-8 -Duser.country=US -Duser.language=en -Duser.variant org.gradle.launcher.daemon.bootstrap.GradleDaemon 6.7.1

Host: 11th Gen Intel(R) Core(TM) i5-1135G7 @ 2.40GHz, 8 cores, 7G,  Windows 10 , 64 bit Build 19041 (10.0.19041.1202)
Time: Wed Nov 10 21:42:12 2021 SE Asia Standard Time elapsed time: 16 seconds (0d 0h 0m 16s)

---------------  T H R E A D  ---------------

Current thread (0x000001e1ab409000):  JavaThread "C2 CompilerThread0" daemon [_thread_in_native, id=15064, stack(0x00000054ced00000,0x00000054cee00000)]


Current CompileTask:
C2:  16628 13541   !   4       java.nio.file.FileTreeWalker::next (144 bytes)

Stack: [0x00000054ced00000,0x00000054cee00000]
Native frames: (J=compiled Java code, j=interpreted, Vv=VM code, C=native code)
V  [jvm.dll+0x5de50a]
V  [jvm.dll+0x7122f5]
V  [jvm.dll+0x71384d]
V  [jvm.dll+0x713f03]
V  [jvm.dll+0x23e728]
V  [jvm.dll+0xb899c]
V  [jvm.dll+0xb8e9c]
V  [jvm.dll+0x35020b]
V  [jvm.dll+0x31dea3]
V  [jvm.dll+0x31d39a]
V  [jvm.dll+0x1f7702]
V  [jvm.dll+0x1f68d4]
V  [jvm.dll+0x17f32c]
V  [jvm.dll+0x205047]
V  [jvm.dll+0x203891]
V  [jvm.dll+0x6dad3f]
V  [jvm.dll+0x6d3895]
V  [jvm.dll+0x5dd4a6]
C  [ucrtbase.dll+0x21bb2]
C  [KERNEL32.DLL+0x17034]
C  [ntdll.dll+0x52651]


---------------  P R O C E S S  ---------------

Threads class SMR info:
_java_thread_list=0x000001e1b4ced3c0, length=160, elements={
0x000001e1908ea800, 0x000001e1ab3f2000, 0x000001e1ab3f3800, 0x000001e1abd82800,
0x000001e1ab408800, 0x000001e1ab409000, 0x000001e1ab420000, 0x000001e1abdd2800,
0x000001e1abed5000, 0x000001e1abeda000, 0x000001e1aceb8000, 0x000001e1ade55800,
0x000001e1ac1b0000, 0x000001e1ad68d800, 0x000001e1adf49000, 0x000001e1ac683000,
0x000001e1ae4a1800, 0x000001e1ae29e000, 0x000001e1adc75000, 0x000001e1ad04c000,
0x000001e1ad3ec800, 0x000001e1ad3ed800, 0x000001e1ad3eb800, 0x000001e1ad3eb000,
0x000001e1ae191000, 0x000001e1ae18e800, 0x000001e1ae190000, 0x000001e1ae18f000,
0x000001e1ae18c800, 0x000001e1ae18d800, 0x000001e1ae196800, 0x000001e1ae192800,
0x000001e1ae194000, 0x000001e1ae197800, 0x000001e1ae191800, 0x000001e1ae198000,
0x000001e1ae195000, 0x000001e1ae193000, 0x000001e1ae19a800, 0x000001e1ae199000,
0x000001e1ae195800, 0x000001e1ae19a000, 0x000001e1b08e0800, 0x000001e1b08e3000,
0x000001e1b08e6800, 0x000001e1b08e4000, 0x000001e1b08e2000, 0x000001e1b08e4800,
0x000001e1b08e5800, 0x000001e1b08e7000, 0x000001e1b08e1800, 0x000001e1b08d8800,
0x000001e1b08d9800, 0x000001e1b08dc800, 0x000001e1b08de800, 0x000001e1b08dd800,
0x000001e1b08dc000, 0x000001e1b08df000, 0x000001e1b08da000, 0x000001e1b08db000,
0x000001e1ae8f2800, 0x000001e1ae8ef000, 0x000001e1ae8ec800, 0x000001e1ae8ed800,
0x000001e1ae8f1800, 0x000001e1ae8f0800, 0x000001e1ae8ee800, 0x000001e1ae8f3000,
0x000001e1ae8f5800, 0x000001e1ae8f0000, 0x000001e1ae8f8000, 0x000001e1ae8f9800,
0x000001e1ae8f6800, 0x000001e1ae8f9000, 0x000001e1ae8f7800, 0x000001e1ae8f4000,
0x000001e1ae8fa800, 0x000001e1ae8f5000, 0x000001e1ae8fb800, 0x000001e1b08f1800,
0x000001e1b08f4000, 0x000001e1b08f6000, 0x000001e1b08f0000, 0x000001e1b08f2800,
0x000001e1b08f5000, 0x000001e1b08f3800, 0x000001e1b08f6800, 0x000001e1b08f1000,
0x000001e1b08f7800, 0x000001e1b08fa000, 0x000001e1b08fd000, 0x000001e1b08fe000,
0x000001e1b08f9000, 0x000001e1b08fc800, 0x000001e1b08f8800, 0x000001e1b08fa800,
0x000001e1b08fb800, 0x000001e1b08ff000, 0x000001e1b0552000, 0x000001e1b0551000,
0x000001e1b0553800, 0x000001e1b0555000, 0x000001e1b0556000, 0x000001e1b0558800,
0x000001e1b0556800, 0x000001e1b0554000, 0x000001e1b0557800, 0x000001e1b0552800,
0x000001e1b055d000, 0x000001e1b055e000, 0x000001e1b055f000, 0x000001e1b055c800,
0x000001e1b055a000, 0x000001e1b0559000, 0x000001e1b055a800, 0x000001e1b055f800,
0x000001e1b055b800, 0x000001e1b03ef800, 0x000001e1b03f0800, 0x000001e1b03ee000,
0x000001e1b03f1000, 0x000001e1b03ec000, 0x000001e1b03ee800, 0x000001e1b03eb800,
0x000001e1b03f2000, 0x000001e1b03f3000, 0x000001e1b03ed000, 0x000001e1b03f7000,
0x000001e1b03f4800, 0x000001e1b03f7800, 0x000001e1b03f8800, 0x000001e1b03f3800,
0x000001e1b03f6000, 0x000001e1b03f9800, 0x000001e1b03fa000, 0x000001e1b03f5000,
0x000001e1b42ee800, 0x000001e1b42f1000, 0x000001e1b42f2800, 0x000001e1b42f1800,
0x000001e1b42f3000, 0x000001e1b42ed800, 0x000001e1b42f0000, 0x000001e1b42f4000,
0x000001e1b42f5000, 0x000001e1b42ef000, 0x000001e1b42fa800, 0x000001e1b42f9800,
0x000001e1b42f8000, 0x000001e1b42f9000, 0x000001e1b42f5800, 0x000001e1b42fb800,
0x000001e1b42f6800, 0x000001e1b42f7800, 0x000001e1ac0ba800, 0x000001e1ac0b9800,
0x000001e1ac0b9000, 0x000001e1ac0bd000, 0x000001e1ac0bb800, 0x000001e1ac0bc000
}

Java Threads: ( => current thread )
  0x000001e1908ea800 JavaThread "main" [_thread_blocked, id=12672, stack(0x00000054ce200000,0x00000054ce300000)]
  0x000001e1ab3f2000 JavaThread "Reference Handler" daemon [_thread_blocked, id=3004, stack(0x00000054ce900000,0x00000054cea00000)]
  0x000001e1ab3f3800 JavaThread "Finalizer" daemon [_thread_blocked, id=10280, stack(0x00000054cea00000,0x00000054ceb00000)]
  0x000001e1abd82800 JavaThread "Signal Dispatcher" daemon [_thread_blocked, id=14016, stack(0x00000054ceb00000,0x00000054cec00000)]
  0x000001e1ab408800 JavaThread "Attach Listener" daemon [_thread_blocked, id=1472, stack(0x00000054cec00000,0x00000054ced00000)]
=>0x000001e1ab409000 JavaThread "C2 CompilerThread0" daemon [_thread_in_native, id=15064, stack(0x00000054ced00000,0x00000054cee00000)]
  0x000001e1ab420000 JavaThread "C1 CompilerThread0" daemon [_thread_in_native, id=7156, stack(0x00000054cee00000,0x00000054cef00000)]
  0x000001e1abdd2800 JavaThread "Sweeper thread" daemon [_thread_blocked, id=15564, stack(0x00000054cef00000,0x00000054cf000000)]
  0x000001e1abed5000 JavaThread "Common-Cleaner" daemon [_thread_blocked, id=9388, stack(0x00000054cf000000,0x00000054cf100000)]
  0x000001e1abeda000 JavaThread "Service Thread" daemon [_thread_blocked, id=9512, stack(0x00000054cf100000,0x00000054cf200000)]
  0x000001e1aceb8000 JavaThread "Daemon health stats" [_thread_blocked, id=7072, stack(0x00000054cf700000,0x00000054cf800000)]
  0x000001e1ade55800 JavaThread "Incoming local TCP Connector on port 58277" [_thread_in_native, id=13572, stack(0x00000054cf800000,0x00000054cf900000)]
  0x000001e1ac1b0000 JavaThread "Daemon periodic checks" [_thread_blocked, id=12424, stack(0x00000054cf900000,0x00000054cfa00000)]
  0x000001e1ad68d800 JavaThread "Daemon" [_thread_blocked, id=14616, stack(0x00000054cfa00000,0x00000054cfb00000)]
  0x000001e1adf49000 JavaThread "Handler for socket connection from /127.0.0.1:58277 to /127.0.0.1:58278" [_thread_in_native, id=15220, stack(0x00000054cfb00000,0x00000054cfc00000)]
  0x000001e1ac683000 JavaThread "Cancel handler" [_thread_blocked, id=14592, stack(0x00000054cfc00000,0x00000054cfd00000)]
  0x000001e1ae4a1800 JavaThread "Daemon worker" [_thread_blocked, id=12548, stack(0x00000054cfd00000,0x00000054cfe00000)]
  0x000001e1ae29e000 JavaThread "Asynchronous log dispatcher for DefaultDaemonConnection: socket connection from /127.0.0.1:58277 to /127.0.0.1:58278" [_thread_blocked, id=5104, stack(0x00000054cfe00000,0x00000054cff00000)]
  0x000001e1adc75000 JavaThread "Stdin handler" [_thread_blocked, id=15216, stack(0x00000054cff00000,0x00000054d0000000)]
  0x000001e1ad04c000 JavaThread "Thread-8" [_thread_blocked, id=15328, stack(0x00000054d0000000,0x00000054d0100000)]
  0x000001e1ad3ec800 JavaThread "Cache worker for file hash cache (C:\Users\HP\.gradle\caches\6.7.1\fileHashes)" [_thread_blocked, id=2376, stack(0x00000054d0600000,0x00000054d0700000)]
  0x000001e1ad3ed800 JavaThread "File lock request listener" [_thread_in_native, id=1972, stack(0x00000054d0700000,0x00000054d0800000)]
  0x000001e1ad3eb800 JavaThread "Cache worker for journal cache (C:\Users\HP\.gradle\caches\journal-1)" [_thread_blocked, id=828, stack(0x00000054d0900000,0x00000054d0a00000)]
  0x000001e1ad3eb000 JavaThread "Cache worker for file hash cache (C:\Users\HP\AndroidStudioProjects\DuAn1_Android\.gradle\6.7.1\fileHashes)" [_thread_blocked, id=14604, stack(0x00000054d0a00000,0x00000054d0b00000)]
  0x000001e1ae191000 JavaThread "Cache worker for checksums cache (C:\Users\HP\AndroidStudioProjects\DuAn1_Android\.gradle\checksums)" [_thread_blocked, id=10032, stack(0x00000054d0b00000,0x00000054d0c00000)]
  0x000001e1ae18e800 JavaThread "Cache worker for cache directory md-supplier (C:\Users\HP\.gradle\caches\6.7.1\md-supplier)" [_thread_blocked, id=1200, stack(0x00000054d0c00000,0x00000054d0d00000)]
  0x000001e1ae190000 JavaThread "Cache worker for cache directory md-rule (C:\Users\HP\.gradle\caches\6.7.1\md-rule)" [_thread_blocked, id=13032, stack(0x00000054d0d00000,0x00000054d0e00000)]
  0x000001e1ae18f000 JavaThread "Cache worker for execution history cache (C:\Users\HP\.gradle\caches\6.7.1\executionHistory)" [_thread_blocked, id=13708, stack(0x00000054d0e00000,0x00000054d0f00000)]
  0x000001e1ae18c800 JavaThread "jar transforms" [_thread_blocked, id=14136, stack(0x00000054d0f00000,0x00000054d1000000)]
  0x000001e1ae18d800 JavaThread "Cache worker for file content cache (C:\Users\HP\.gradle\caches\6.7.1\fileContent)" [_thread_blocked, id=3100, stack(0x00000054d1000000,0x00000054d1100000)]
  0x000001e1ae196800 JavaThread "Cache worker for Build Output Cleanup Cache (C:\Users\HP\AndroidStudioProjects\DuAn1_Android\.gradle\buildOutputCleanup)" [_thread_blocked, id=15792, stack(0x00000054d1100000,0x00000054d1200000)]
  0x000001e1ae192800 JavaThread "Build operations" [_thread_blocked, id=11012, stack(0x00000054d1200000,0x00000054d1300000)]
  0x000001e1ae194000 JavaThread "Build operations Thread 2" [_thread_blocked, id=1536, stack(0x00000054d1300000,0x00000054d1400000)]
  0x000001e1ae197800 JavaThread "Build operations Thread 3" [_thread_blocked, id=1156, stack(0x00000054d1400000,0x00000054d1500000)]
  0x000001e1ae191800 JavaThread "Build operations Thread 4" [_thread_blocked, id=15820, stack(0x00000054d1500000,0x00000054d1600000)]
  0x000001e1ae198000 JavaThread "Build operations Thread 5" [_thread_blocked, id=7340, stack(0x00000054d1600000,0x00000054d1700000)]
  0x000001e1ae195000 JavaThread "Build operations Thread 6" [_thread_blocked, id=5136, stack(0x00000054d1700000,0x00000054d1800000)]
  0x000001e1ae193000 JavaThread "Build operations Thread 7" [_thread_blocked, id=2396, stack(0x00000054d1800000,0x00000054d1900000)]
  0x000001e1ae19a800 JavaThread "Build operations Thread 8" [_thread_blocked, id=12840, stack(0x00000054d1900000,0x00000054d1a00000)]
  0x000001e1ae199000 JavaThread "jar transforms Thread 2" [_thread_blocked, id=15816, stack(0x00000054d1a00000,0x00000054d1b00000)]
  0x000001e1ae195800 JavaThread "jar transforms Thread 3" [_thread_blocked, id=10388, stack(0x00000054d1b00000,0x00000054d1c00000)]
  0x000001e1ae19a000 JavaThread "jar transforms Thread 4" [_thread_blocked, id=7440, stack(0x00000054d1c00000,0x00000054d1d00000)]
  0x000001e1b08e0800 JavaThread "jar transforms Thread 5" [_thread_blocked, id=13988, stack(0x00000054d1d00000,0x00000054d1e00000)]
  0x000001e1b08e3000 JavaThread "jar transforms Thread 6" [_thread_blocked, id=15676, stack(0x00000054d1e00000,0x00000054d1f00000)]
  0x000001e1b08e6800 JavaThread "jar transforms Thread 7" [_thread_blocked, id=15668, stack(0x00000054d1f00000,0x00000054d2000000)]
  0x000001e1b08e4000 JavaThread "jar transforms Thread 8" [_thread_blocked, id=15700, stack(0x00000054d2000000,0x00000054d2100000)]
  0x000001e1b08e2000 JavaThread "jar transforms Thread 9" [_thread_blocked, id=15580, stack(0x00000054d2100000,0x00000054d2200000)]
  0x000001e1b08e4800 JavaThread "jar transforms Thread 10" [_thread_blocked, id=15692, stack(0x00000054d2200000,0x00000054d2300000)]
  0x000001e1b08e5800 JavaThread "jar transforms Thread 11" [_thread_blocked, id=15672, stack(0x00000054d2300000,0x00000054d2400000)]
  0x000001e1b08e7000 JavaThread "jar transforms Thread 12" [_thread_blocked, id=15664, stack(0x00000054d2400000,0x00000054d2500000)]
  0x000001e1b08e1800 JavaThread "jar transforms Thread 13" [_thread_blocked, id=15660, stack(0x00000054d2500000,0x00000054d2600000)]
  0x000001e1b08d8800 JavaThread "jar transforms Thread 14" [_thread_blocked, id=9400, stack(0x00000054d2600000,0x00000054d2700000)]
  0x000001e1b08d9800 JavaThread "jar transforms Thread 15" [_thread_blocked, id=13240, stack(0x00000054d2700000,0x00000054d2800000)]
  0x000001e1b08dc800 JavaThread "jar transforms Thread 16" [_thread_blocked, id=2288, stack(0x00000054d2800000,0x00000054d2900000)]
  0x000001e1b08de800 JavaThread "jar transforms Thread 17" [_thread_blocked, id=15596, stack(0x00000054d2900000,0x00000054d2a00000)]
  0x000001e1b08dd800 JavaThread "jar transforms Thread 18" [_thread_blocked, id=15680, stack(0x00000054d2a00000,0x00000054d2b00000)]
  0x000001e1b08dc000 JavaThread "jar transforms Thread 19" [_thread_blocked, id=15656, stack(0x00000054d2b00000,0x00000054d2c00000)]
  0x000001e1b08df000 JavaThread "jar transforms Thread 20" [_thread_blocked, id=15576, stack(0x00000054d2c00000,0x00000054d2d00000)]
  0x000001e1b08da000 JavaThread "jar transforms Thread 21" [_thread_blocked, id=15688, stack(0x00000054d2d00000,0x00000054d2e00000)]
  0x000001e1b08db000 JavaThread "jar transforms Thread 22" [_thread_blocked, id=2416, stack(0x00000054d2e00000,0x00000054d2f00000)]
  0x000001e1ae8f2800 JavaThread "jar transforms Thread 23" [_thread_blocked, id=12688, stack(0x00000054d2f00000,0x00000054d3000000)]
  0x000001e1ae8ef000 JavaThread "jar transforms Thread 24" [_thread_blocked, id=16012, stack(0x00000054d3000000,0x00000054d3100000)]
  0x000001e1ae8ec800 JavaThread "jar transforms Thread 25" [_thread_blocked, id=15948, stack(0x00000054d3100000,0x00000054d3200000)]
  0x000001e1ae8ed800 JavaThread "jar transforms Thread 26" [_thread_blocked, id=16052, stack(0x00000054d3200000,0x00000054d3300000)]
  0x000001e1ae8f1800 JavaThread "jar transforms Thread 27" [_thread_blocked, id=16060, stack(0x00000054d3300000,0x00000054d3400000)]
  0x000001e1ae8f0800 JavaThread "jar transforms Thread 28" [_thread_blocked, id=5692, stack(0x00000054d3400000,0x00000054d3500000)]
  0x000001e1ae8ee800 JavaThread "jar transforms Thread 29" [_thread_blocked, id=16064, stack(0x00000054d3500000,0x00000054d3600000)]
  0x000001e1ae8f3000 JavaThread "jar transforms Thread 30" [_thread_blocked, id=16056, stack(0x00000054d3600000,0x00000054d3700000)]
  0x000001e1ae8f5800 JavaThread "jar transforms Thread 31" [_thread_blocked, id=12844, stack(0x00000054d3700000,0x00000054d3800000)]
  0x000001e1ae8f0000 JavaThread "jar transforms Thread 32" [_thread_blocked, id=4028, stack(0x00000054d3800000,0x00000054d3900000)]
  0x000001e1ae8f8000 JavaThread "jar transforms Thread 33" [_thread_blocked, id=16072, stack(0x00000054d3900000,0x00000054d3a00000)]
  0x000001e1ae8f9800 JavaThread "jar transforms Thread 34" [_thread_blocked, id=14152, stack(0x00000054d3a00000,0x00000054d3b00000)]
  0x000001e1ae8f6800 JavaThread "jar transforms Thread 35" [_thread_blocked, id=15968, stack(0x00000054d3b00000,0x00000054d3c00000)]
  0x000001e1ae8f9000 JavaThread "jar transforms Thread 36" [_thread_blocked, id=16016, stack(0x00000054d3c00000,0x00000054d3d00000)]
  0x000001e1ae8f7800 JavaThread "jar transforms Thread 37" [_thread_blocked, id=15964, stack(0x00000054d3d00000,0x00000054d3e00000)]
  0x000001e1ae8f4000 JavaThread "jar transforms Thread 38" [_thread_blocked, id=16040, stack(0x00000054d3e00000,0x00000054d3f00000)]
  0x000001e1ae8fa800 JavaThread "jar transforms Thread 39" [_thread_blocked, id=13920, stack(0x00000054d3f00000,0x00000054d4000000)]
  0x000001e1ae8f5000 JavaThread "jar transforms Thread 40" [_thread_blocked, id=11492, stack(0x00000054d4000000,0x00000054d4100000)]
  0x000001e1ae8fb800 JavaThread "jar transforms Thread 41" [_thread_blocked, id=6324, stack(0x00000054d4100000,0x00000054d4200000)]
  0x000001e1b08f1800 JavaThread "jar transforms Thread 42" [_thread_blocked, id=9928, stack(0x00000054d4200000,0x00000054d4300000)]
  0x000001e1b08f4000 JavaThread "jar transforms Thread 43" [_thread_blocked, id=15548, stack(0x00000054d4300000,0x00000054d4400000)]
  0x000001e1b08f6000 JavaThread "jar transforms Thread 44" [_thread_blocked, id=12756, stack(0x00000054d4400000,0x00000054d4500000)]
  0x000001e1b08f0000 JavaThread "jar transforms Thread 45" [_thread_blocked, id=10020, stack(0x00000054d4500000,0x00000054d4600000)]
  0x000001e1b08f2800 JavaThread "jar transforms Thread 46" [_thread_blocked, id=10948, stack(0x00000054d4600000,0x00000054d4700000)]
  0x000001e1b08f5000 JavaThread "jar transforms Thread 47" [_thread_blocked, id=15992, stack(0x00000054d4700000,0x00000054d4800000)]
  0x000001e1b08f3800 JavaThread "jar transforms Thread 48" [_thread_blocked, id=15952, stack(0x00000054d4800000,0x00000054d4900000)]
  0x000001e1b08f6800 JavaThread "jar transforms Thread 49" [_thread_blocked, id=15988, stack(0x00000054d4900000,0x00000054d4a00000)]
  0x000001e1b08f1000 JavaThread "jar transforms Thread 50" [_thread_blocked, id=15984, stack(0x00000054d4a00000,0x00000054d4b00000)]
  0x000001e1b08f7800 JavaThread "jar transforms Thread 51" [_thread_blocked, id=10456, stack(0x00000054d4b00000,0x00000054d4c00000)]
  0x000001e1b08fa000 JavaThread "jar transforms Thread 52" [_thread_blocked, id=16036, stack(0x00000054d4c00000,0x00000054d4d00000)]
  0x000001e1b08fd000 JavaThread "jar transforms Thread 53" [_thread_blocked, id=16044, stack(0x00000054d4d00000,0x00000054d4e00000)]
  0x000001e1b08fe000 JavaThread "jar transforms Thread 54" [_thread_blocked, id=15928, stack(0x00000054d4e00000,0x00000054d4f00000)]
  0x000001e1b08f9000 JavaThread "jar transforms Thread 55" [_thread_blocked, id=16076, stack(0x00000054d4f00000,0x00000054d5000000)]
  0x000001e1b08fc800 JavaThread "jar transforms Thread 56" [_thread_blocked, id=16080, stack(0x00000054d5000000,0x00000054d5100000)]
  0x000001e1b08f8800 JavaThread "jar transforms Thread 57" [_thread_blocked, id=16084, stack(0x00000054d5100000,0x00000054d5200000)]
  0x000001e1b08fa800 JavaThread "jar transforms Thread 58" [_thread_blocked, id=15464, stack(0x00000054d5200000,0x00000054d5300000)]
  0x000001e1b08fb800 JavaThread "jar transforms Thread 59" [_thread_blocked, id=15436, stack(0x00000054d5300000,0x00000054d5400000)]
  0x000001e1b08ff000 JavaThread "jar transforms Thread 60" [_thread_blocked, id=16088, stack(0x00000054d5400000,0x00000054d5500000)]
  0x000001e1b0552000 JavaThread "jar transforms Thread 61" [_thread_blocked, id=16092, stack(0x00000054d5500000,0x00000054d5600000)]
  0x000001e1b0551000 JavaThread "jar transforms Thread 62" [_thread_blocked, id=15096, stack(0x00000054d5600000,0x00000054d5700000)]
  0x000001e1b0553800 JavaThread "jar transforms Thread 63" [_thread_blocked, id=15128, stack(0x00000054d5700000,0x00000054d5800000)]
  0x000001e1b0555000 JavaThread "jar transforms Thread 64" [_thread_blocked, id=14920, stack(0x00000054d5800000,0x00000054d5900000)]
  0x000001e1b0556000 JavaThread "jar transforms Thread 65" [_thread_blocked, id=9724, stack(0x00000054d5900000,0x00000054d5a00000)]
  0x000001e1b0558800 JavaThread "jar transforms Thread 66" [_thread_blocked, id=13332, stack(0x00000054d5a00000,0x00000054d5b00000)]
  0x000001e1b0556800 JavaThread "jar transforms Thread 67" [_thread_blocked, id=16032, stack(0x00000054d5b00000,0x00000054d5c00000)]
  0x000001e1b0554000 JavaThread "jar transforms Thread 68" [_thread_blocked, id=15924, stack(0x00000054d5c00000,0x00000054d5d00000)]
  0x000001e1b0557800 JavaThread "jar transforms Thread 69" [_thread_blocked, id=15764, stack(0x00000054d5d00000,0x00000054d5e00000)]
  0x000001e1b0552800 JavaThread "jar transforms Thread 70" [_thread_blocked, id=7680, stack(0x00000054d5e00000,0x00000054d5f00000)]
  0x000001e1b055d000 JavaThread "jar transforms Thread 71" [_thread_blocked, id=12952, stack(0x00000054d5f00000,0x00000054d6000000)]
  0x000001e1b055e000 JavaThread "jar transforms Thread 72" [_thread_blocked, id=6280, stack(0x00000054d6000000,0x00000054d6100000)]
  0x000001e1b055f000 JavaThread "jar transforms Thread 73" [_thread_blocked, id=13424, stack(0x00000054d6100000,0x00000054d6200000)]
  0x000001e1b055c800 JavaThread "jar transforms Thread 74" [_thread_blocked, id=1104, stack(0x00000054d6200000,0x00000054d6300000)]
  0x000001e1b055a000 JavaThread "jar transforms Thread 75" [_thread_blocked, id=11048, stack(0x00000054d6300000,0x00000054d6400000)]
  0x000001e1b0559000 JavaThread "jar transforms Thread 76" [_thread_blocked, id=6944, stack(0x00000054d6400000,0x00000054d6500000)]
  0x000001e1b055a800 JavaThread "jar transforms Thread 77" [_thread_blocked, id=15640, stack(0x00000054d6500000,0x00000054d6600000)]
  0x000001e1b055f800 JavaThread "jar transforms Thread 78" [_thread_blocked, id=15732, stack(0x00000054d6600000,0x00000054d6700000)]
  0x000001e1b055b800 JavaThread "jar transforms Thread 79" [_thread_blocked, id=3948, stack(0x00000054d6700000,0x00000054d6800000)]
  0x000001e1b03ef800 JavaThread "jar transforms Thread 80" [_thread_blocked, id=4020, stack(0x00000054d6800000,0x00000054d6900000)]
  0x000001e1b03f0800 JavaThread "jar transforms Thread 81" [_thread_blocked, id=15892, stack(0x00000054d6900000,0x00000054d6a00000)]
  0x000001e1b03ee000 JavaThread "jar transforms Thread 82" [_thread_blocked, id=15908, stack(0x00000054d6a00000,0x00000054d6b00000)]
  0x000001e1b03f1000 JavaThread "jar transforms Thread 83" [_thread_blocked, id=16004, stack(0x00000054d6b00000,0x00000054d6c00000)]
  0x000001e1b03ec000 JavaThread "jar transforms Thread 84" [_thread_blocked, id=15912, stack(0x00000054d6c00000,0x00000054d6d00000)]
  0x000001e1b03ee800 JavaThread "jar transforms Thread 85" [_thread_blocked, id=10588, stack(0x00000054d6d00000,0x00000054d6e00000)]
  0x000001e1b03eb800 JavaThread "jar transforms Thread 86" [_thread_blocked, id=13528, stack(0x00000054d6e00000,0x00000054d6f00000)]
  0x000001e1b03f2000 JavaThread "jar transforms Thread 87" [_thread_blocked, id=10248, stack(0x00000054d6f00000,0x00000054d7000000)]
  0x000001e1b03f3000 JavaThread "jar transforms Thread 88" [_thread_blocked, id=4904, stack(0x00000054d7000000,0x00000054d7100000)]
  0x000001e1b03ed000 JavaThread "jar transforms Thread 89" [_thread_blocked, id=12580, stack(0x00000054d7100000,0x00000054d7200000)]
  0x000001e1b03f7000 JavaThread "jar transforms Thread 90" [_thread_blocked, id=10864, stack(0x00000054d7200000,0x00000054d7300000)]
  0x000001e1b03f4800 JavaThread "jar transforms Thread 91" [_thread_blocked, id=1128, stack(0x00000054d7300000,0x00000054d7400000)]
  0x000001e1b03f7800 JavaThread "jar transforms Thread 92" [_thread_blocked, id=9684, stack(0x00000054d7400000,0x00000054d7500000)]
  0x000001e1b03f8800 JavaThread "jar transforms Thread 93" [_thread_blocked, id=16212, stack(0x00000054d7500000,0x00000054d7600000)]
  0x000001e1b03f3800 JavaThread "jar transforms Thread 94" [_thread_blocked, id=16152, stack(0x00000054d7600000,0x00000054d7700000)]
  0x000001e1b03f6000 JavaThread "jar transforms Thread 95" [_thread_blocked, id=15456, stack(0x00000054d7700000,0x00000054d7800000)]
  0x000001e1b03f9800 JavaThread "jar transforms Thread 96" [_thread_blocked, id=16184, stack(0x00000054d7800000,0x00000054d7900000)]
  0x000001e1b03fa000 JavaThread "jar transforms Thread 97" [_thread_blocked, id=16196, stack(0x00000054d7900000,0x00000054d7a00000)]
  0x000001e1b03f5000 JavaThread "Memory manager" [_thread_blocked, id=2976, stack(0x00000054d7a00000,0x00000054d7b00000)]
  0x000001e1b42ee800 JavaThread "build event listener" [_thread_blocked, id=15364, stack(0x00000054d7b00000,0x00000054d7c00000)]
  0x000001e1b42f1000 JavaThread "build event listener" [_thread_blocked, id=15368, stack(0x00000054d7c00000,0x00000054d7d00000)]
  0x000001e1b42f2800 JavaThread "Execution worker for ':'" [_thread_blocked, id=15372, stack(0x00000054d7d00000,0x00000054d7e00000)]
  0x000001e1b42f1800 JavaThread "Execution worker for ':' Thread 2" [_thread_blocked, id=12316, stack(0x00000054d7e00000,0x00000054d7f00000)]
  0x000001e1b42f3000 JavaThread "Execution worker for ':' Thread 3" [_thread_blocked, id=14400, stack(0x00000054d7f00000,0x00000054d8000000)]
  0x000001e1b42ed800 JavaThread "Execution worker for ':' Thread 4" [_thread_blocked, id=15468, stack(0x00000054d8000000,0x00000054d8100000)]
  0x000001e1b42f0000 JavaThread "Execution worker for ':' Thread 5" [_thread_blocked, id=15460, stack(0x00000054d8100000,0x00000054d8200000)]
  0x000001e1b42f4000 JavaThread "Execution worker for ':' Thread 6" [_thread_blocked, id=15388, stack(0x00000054d8200000,0x00000054d8300000)]
  0x000001e1b42f5000 JavaThread "Execution worker for ':' Thread 7" [_thread_blocked, id=15392, stack(0x00000054d8300000,0x00000054d8400000)]
  0x000001e1b42ef000 JavaThread "Cache worker for execution history cache (C:\Users\HP\AndroidStudioProjects\DuAn1_Android\.gradle\6.7.1\executionHistory)" [_thread_blocked, id=15396, stack(0x00000054d8400000,0x00000054d8500000)]
  0x000001e1b42fa800 JavaThread "WorkerExecutor Queue" [_thread_blocked, id=15884, stack(0x00000054d8500000,0x00000054d8600000)]
  0x000001e1b42f9800 JavaThread "pool-4-thread-1" [_thread_blocked, id=4628, stack(0x00000054d8600000,0x00000054d8700000)]
  0x000001e1b42f8000 JavaThread "stderr" [_thread_in_native, id=5680, stack(0x00000054d8700000,0x00000054d8800000)]
  0x000001e1b42f9000 JavaThread "stdout" [_thread_in_native, id=5352, stack(0x00000054d8800000,0x00000054d8900000)]
  0x000001e1b42f5800 JavaThread "Cache worker for Java compile cache (C:\Users\HP\.gradle\caches\6.7.1\javaCompile)" [_thread_blocked, id=5288, stack(0x00000054d8900000,0x00000054d8a00000)]
  0x000001e1b42fb800 JavaThread "Cache worker for Java compile cache (C:\Users\HP\AndroidStudioProjects\DuAn1_Android\.gradle\6.7.1\javaCompile)" [_thread_blocked, id=1616, stack(0x00000054d8a00000,0x00000054d8b00000)]
  0x000001e1b42f6800 JavaThread "WorkerExecutor Queue Thread 2" [_thread_blocked, id=10756, stack(0x00000054d8c00000,0x00000054d8d00000)]
  0x000001e1b42f7800 JavaThread "WorkerExecutor Queue Thread 3" [_thread_blocked, id=5256, stack(0x00000054d8d00000,0x00000054d8e00000)]
  0x000001e1ac0ba800 JavaThread "WorkerExecutor Queue Thread 4" [_thread_blocked, id=3868, stack(0x00000054d8e00000,0x00000054d8f00000)]
  0x000001e1ac0b9800 JavaThread "WorkerExecutor Queue Thread 5" [_thread_blocked, id=6100, stack(0x00000054d8f00000,0x00000054d9000000)]
  0x000001e1ac0b9000 JavaThread "WorkerExecutor Queue Thread 6" [_thread_blocked, id=10560, stack(0x00000054d9000000,0x00000054d9100000)]
  0x000001e1ac0bd000 JavaThread "WorkerExecutor Queue Thread 7" [_thread_blocked, id=2656, stack(0x00000054d9100000,0x00000054d9200000)]
  0x000001e1ac0bb800 JavaThread "WorkerExecutor Queue Thread 8" [_thread_blocked, id=13732, stack(0x00000054d9200000,0x00000054d9300000)]
  0x000001e1ac0bc000 JavaThread "WorkerExecutor Queue Thread 9" [_thread_blocked, id=16176, stack(0x00000054d9300000,0x00000054d9400000)]

Other Threads:
  0x000001e1ab3ed800 VMThread "VM Thread" [stack: 0x00000054ce800000,0x00000054ce900000] [id=3160]
  0x000001e1abf0f800 WatcherThread [stack: 0x00000054cf200000,0x00000054cf300000] [id=13828]
  0x000001e190902000 GCTaskThread "GC Thread#0" [stack: 0x00000054ce300000,0x00000054ce400000] [id=5052]
  0x000001e1ac68d800 GCTaskThread "GC Thread#1" [stack: 0x00000054cf400000,0x00000054cf500000] [id=5016]
  0x000001e1ac9ab800 GCTaskThread "GC Thread#2" [stack: 0x00000054cf500000,0x00000054cf600000] [id=2860]
  0x000001e1ae093800 GCTaskThread "GC Thread#3" [stack: 0x00000054d0100000,0x00000054d0200000] [id=12740]
  0x000001e1ac870000 GCTaskThread "GC Thread#4" [stack: 0x00000054d0200000,0x00000054d0300000] [id=15200]
  0x000001e1add1a800 GCTaskThread "GC Thread#5" [stack: 0x00000054d0300000,0x00000054d0400000] [id=15224]
  0x000001e1adbe8000 GCTaskThread "GC Thread#6" [stack: 0x00000054d0400000,0x00000054d0500000] [id=13592]
  0x000001e1ad1f3000 GCTaskThread "GC Thread#7" [stack: 0x00000054d0500000,0x00000054d0600000] [id=3504]
  0x000001e190932800 ConcurrentGCThread "G1 Main Marker" [stack: 0x00000054ce400000,0x00000054ce500000] [id=324]
  0x000001e190937800 ConcurrentGCThread "G1 Conc#0" [stack: 0x00000054ce500000,0x00000054ce600000] [id=12208]
  0x000001e1adbbc800 ConcurrentGCThread "G1 Conc#1" [stack: 0x00000054d0800000,0x00000054d0900000] [id=3460]
  0x000001e1909c9000 ConcurrentGCThread "G1 Refine#0" [stack: 0x00000054ce600000,0x00000054ce700000] [id=13120]
  0x000001e1b4a7c800 ConcurrentGCThread "G1 Refine#1" [stack: 0x00000054d8b00000,0x00000054d8c00000] [id=15708]
  0x000001e1ab240800 ConcurrentGCThread "G1 Young RemSet Sampling" [stack: 0x00000054ce700000,0x00000054ce800000] [id=3784]

Threads with active compile tasks:
C2 CompilerThread0  16669 13541   !   4       java.nio.file.FileTreeWalker::next (144 bytes)
C1 CompilerThread0  16669 13777       2       com.android.tools.r8.graph.E::a (56 bytes)

VM state:not at safepoint (normal execution)

VM Mutex/Monitor currently owned by a thread: None

Heap address: 0x0000000080000000, size: 2048 MB, Compressed Oops mode: 32-bit
Narrow klass base: 0x0000000000000000, Narrow klass shift: 3
Compressed class space size: 1073741824 Address: 0x0000000100000000

Heap:
 garbage-first heap   total 187392K, used 129273K [0x0000000080000000, 0x0000000100000000)
  region size 1024K, 32 young (32768K), 3 survivors (3072K)
 Metaspace       used 103062K, capacity 105619K, committed 106880K, reserved 1140736K
  class space    used 13250K, capacity 14224K, committed 14720K, reserved 1048576K
Heap Regions: E=young(eden), S=young(survivor), O=old, HS=humongous(starts), HC=humongous(continues), CS=collection set, F=free, A=archive, TAMS=top-at-mark-start (previous, next)
|   0|0x0000000080000000, 0x0000000080100000, 0x0000000080100000|100%| O|  |TAMS 0x0000000080100000, 0x0000000080000000| Complete 
|   1|0x0000000080100000, 0x0000000080200000, 0x0000000080200000|100%| O|  |TAMS 0x0000000080200000, 0x0000000080100000| Untracked 
|   2|0x0000000080200000, 0x0000000080300000, 0x0000000080300000|100%| O|  |TAMS 0x0000000080300000, 0x0000000080200000| Untracked 
|   3|0x0000000080300000, 0x0000000080400000, 0x0000000080400000|100%|HS|  |TAMS 0x0000000080400000, 0x0000000080300000| Complete 
|   4|0x0000000080400000, 0x0000000080500000, 0x0000000080500000|100%|HC|  |TAMS 0x0000000080500000, 0x0000000080400000| Complete 
|   5|0x0000000080500000, 0x0000000080600000, 0x0000000080600000|100%|HC|  |TAMS 0x0000000080600000, 0x0000000080500000| Complete 
|   6|0x0000000080600000, 0x0000000080700000, 0x0000000080700000|100%| O|  |TAMS 0x0000000080700000, 0x0000000080600000| Untracked 
|   7|0x0000000080700000, 0x0000000080800000, 0x0000000080800000|100%| O|  |TAMS 0x0000000080800000, 0x0000000080700000| Untracked 
|   8|0x0000000080800000, 0x0000000080900000, 0x0000000080900000|100%| O|  |TAMS 0x0000000080900000, 0x0000000080800000| Untracked 
|   9|0x0000000080900000, 0x0000000080a00000, 0x0000000080a00000|100%| O|  |TAMS 0x0000000080a00000, 0x0000000080900000| Untracked 
|  10|0x0000000080a00000, 0x0000000080b00000, 0x0000000080b00000|100%| O|  |TAMS 0x0000000080b00000, 0x0000000080a00000| Untracked 
|  11|0x0000000080b00000, 0x0000000080c00000, 0x0000000080c00000|100%| O|  |TAMS 0x0000000080c00000, 0x0000000080b00000| Complete 
|  12|0x0000000080c00000, 0x0000000080d00000, 0x0000000080d00000|100%| O|  |TAMS 0x0000000080d00000, 0x0000000080c00000| Untracked 
|  13|0x0000000080d00000, 0x0000000080e00000, 0x0000000080e00000|100%| O|  |TAMS 0x0000000080e00000, 0x0000000080d00000| Untracked 
|  14|0x0000000080e00000, 0x0000000080f00000, 0x0000000080f00000|100%| O|  |TAMS 0x0000000080f00000, 0x0000000080e00000| Untracked 
|  15|0x0000000080f00000, 0x0000000081000000, 0x0000000081000000|100%| O|  |TAMS 0x0000000081000000, 0x0000000080f00000| Untracked 
|  16|0x0000000081000000, 0x0000000081100000, 0x0000000081100000|100%| O|  |TAMS 0x0000000081100000, 0x0000000081000000| Untracked 
|  17|0x0000000081100000, 0x0000000081200000, 0x0000000081200000|100%| O|  |TAMS 0x0000000081200000, 0x0000000081100000| Untracked 
|  18|0x0000000081200000, 0x0000000081300000, 0x0000000081300000|100%| O|  |TAMS 0x0000000081300000, 0x0000000081200000| Untracked 
|  19|0x0000000081300000, 0x0000000081400000, 0x0000000081400000|100%|HS|  |TAMS 0x0000000081400000, 0x0000000081300000| Complete 
|  20|0x0000000081400000, 0x0000000081500000, 0x0000000081500000|100%| O|  |TAMS 0x0000000081500000, 0x0000000081400000| Untracked 
|  21|0x0000000081500000, 0x0000000081600000, 0x0000000081600000|100%| O|  |TAMS 0x0000000081600000, 0x0000000081500000| Untracked 
|  22|0x0000000081600000, 0x0000000081700000, 0x0000000081700000|100%|HS|  |TAMS 0x0000000081700000, 0x0000000081600000| Complete 
|  23|0x0000000081700000, 0x0000000081800000, 0x0000000081800000|100%|HC|  |TAMS 0x0000000081800000, 0x0000000081700000| Complete 
|  24|0x0000000081800000, 0x0000000081900000, 0x0000000081900000|100%| O|  |TAMS 0x0000000081900000, 0x0000000081800000| Untracked 
|  25|0x0000000081900000, 0x0000000081a00000, 0x0000000081a00000|100%| O|  |TAMS 0x0000000081a00000, 0x0000000081900000| Untracked 
|  26|0x0000000081a00000, 0x0000000081b00000, 0x0000000081b00000|100%| O|  |TAMS 0x0000000081b00000, 0x0000000081a00000| Untracked 
|  27|0x0000000081b00000, 0x0000000081c00000, 0x0000000081c00000|100%| O|  |TAMS 0x0000000081c00000, 0x0000000081b00000| Untracked 
|  28|0x0000000081c00000, 0x0000000081d00000, 0x0000000081d00000|100%| O|  |TAMS 0x0000000081d00000, 0x0000000081c00000| Complete 
|  29|0x0000000081d00000, 0x0000000081e00000, 0x0000000081e00000|100%| O|  |TAMS 0x0000000081e00000, 0x0000000081d00000| Untracked 
|  30|0x0000000081e00000, 0x0000000081f00000, 0x0000000081f00000|100%| O|  |TAMS 0x0000000081f00000, 0x0000000081e00000| Untracked 
|  31|0x0000000081f00000, 0x0000000082000000, 0x0000000082000000|100%| O|  |TAMS 0x0000000082000000, 0x0000000081f00000| Untracked 
|  32|0x0000000082000000, 0x0000000082100000, 0x0000000082100000|100%| O|  |TAMS 0x0000000082100000, 0x0000000082000000| Untracked 
|  33|0x0000000082100000, 0x0000000082200000, 0x0000000082200000|100%| O|  |TAMS 0x0000000082200000, 0x0000000082100000| Untracked 
|  34|0x0000000082200000, 0x0000000082300000, 0x0000000082300000|100%| O|  |TAMS 0x0000000082300000, 0x0000000082200000| Untracked 
|  35|0x0000000082300000, 0x0000000082400000, 0x0000000082400000|100%| O|  |TAMS 0x0000000082400000, 0x0000000082300000| Untracked 
|  36|0x0000000082400000, 0x0000000082500000, 0x0000000082500000|100%| O|  |TAMS 0x0000000082500000, 0x0000000082400000| Untracked 
|  37|0x0000000082500000, 0x0000000082600000, 0x0000000082600000|100%| O|  |TAMS 0x0000000082600000, 0x0000000082500000| Untracked 
|  38|0x0000000082600000, 0x0000000082700000, 0x0000000082700000|100%| O|  |TAMS 0x0000000082700000, 0x0000000082600000| Complete 
|  39|0x0000000082700000, 0x0000000082800000, 0x0000000082800000|100%| O|  |TAMS 0x0000000082800000, 0x0000000082700000| Untracked 
|  40|0x0000000082800000, 0x0000000082900000, 0x0000000082900000|100%| O|  |TAMS 0x0000000082900000, 0x0000000082800000| Untracked 
|  41|0x0000000082900000, 0x0000000082a00000, 0x0000000082a00000|100%| O|  |TAMS 0x0000000082a00000, 0x0000000082900000| Untracked 
|  42|0x0000000082a00000, 0x0000000082b00000, 0x0000000082b00000|100%| O|  |TAMS 0x0000000082b00000, 0x0000000082a00000| Untracked 
|  43|0x0000000082b00000, 0x0000000082c00000, 0x0000000082c00000|100%| O|  |TAMS 0x0000000082c00000, 0x0000000082b00000| Untracked 
|  44|0x0000000082c00000, 0x0000000082d00000, 0x0000000082d00000|100%| O|  |TAMS 0x0000000082d00000, 0x0000000082c00000| Untracked 
|  45|0x0000000082d00000, 0x0000000082e00000, 0x0000000082e00000|100%| O|  |TAMS 0x0000000082e00000, 0x0000000082d00000| Untracked 
|  46|0x0000000082e00000, 0x0000000082f00000, 0x0000000082f00000|100%| O|  |TAMS 0x0000000082f00000, 0x0000000082e00000| Untracked 
|  47|0x0000000082f00000, 0x0000000083000000, 0x0000000083000000|100%| O|  |TAMS 0x0000000083000000, 0x0000000082f00000| Complete 
|  48|0x0000000083000000, 0x0000000083100000, 0x0000000083100000|100%| O|  |TAMS 0x0000000083100000, 0x0000000083000000| Untracked 
|  49|0x0000000083100000, 0x0000000083200000, 0x0000000083200000|100%| O|  |TAMS 0x0000000083200000, 0x0000000083100000| Untracked 
|  50|0x0000000083200000, 0x0000000083300000, 0x0000000083300000|100%| O|  |TAMS 0x0000000083300000, 0x0000000083200000| Untracked 
|  51|0x0000000083300000, 0x0000000083400000, 0x0000000083400000|100%| O|  |TAMS 0x0000000083400000, 0x0000000083300000| Untracked 
|  52|0x0000000083400000, 0x0000000083500000, 0x0000000083500000|100%| O|  |TAMS 0x0000000083500000, 0x0000000083400000| Untracked 
|  53|0x0000000083500000, 0x0000000083600000, 0x0000000083600000|100%| O|  |TAMS 0x0000000083600000, 0x0000000083500000| Untracked 
|  54|0x0000000083600000, 0x0000000083700000, 0x0000000083700000|100%| O|  |TAMS 0x0000000083700000, 0x0000000083600000| Untracked 
|  55|0x0000000083700000, 0x0000000083800000, 0x0000000083800000|100%| O|  |TAMS 0x0000000083800000, 0x0000000083700000| Complete 
|  56|0x0000000083800000, 0x0000000083900000, 0x0000000083900000|100%| O|  |TAMS 0x0000000083900000, 0x0000000083800000| Complete 
|  57|0x0000000083900000, 0x0000000083a00000, 0x0000000083a00000|100%| O|  |TAMS 0x0000000083a00000, 0x0000000083900000| Untracked 
|  58|0x0000000083a00000, 0x0000000083b00000, 0x0000000083b00000|100%| O|  |TAMS 0x0000000083b00000, 0x0000000083a00000| Untracked 
|  59|0x0000000083b00000, 0x0000000083c00000, 0x0000000083c00000|100%| O|  |TAMS 0x0000000083c00000, 0x0000000083b00000| Complete 
|  60|0x0000000083c00000, 0x0000000083d00000, 0x0000000083d00000|100%| O|  |TAMS 0x0000000083d00000, 0x0000000083c00000| Complete 
|  61|0x0000000083d00000, 0x0000000083e00000, 0x0000000083e00000|100%| O|  |TAMS 0x0000000083e00000, 0x0000000083d00000| Untracked 
|  62|0x0000000083e00000, 0x0000000083f00000, 0x0000000083f00000|100%| O|  |TAMS 0x0000000083f00000, 0x0000000083e00000| Untracked 
|  63|0x0000000083f00000, 0x0000000084000000, 0x0000000084000000|100%| O|  |TAMS 0x0000000084000000, 0x0000000083f00000| Untracked 
|  64|0x0000000084000000, 0x0000000084100000, 0x0000000084100000|100%| O|  |TAMS 0x0000000084100000, 0x0000000084000000| Untracked 
|  65|0x0000000084100000, 0x0000000084200000, 0x0000000084200000|100%| O|  |TAMS 0x0000000084200000, 0x0000000084100000| Untracked 
|  66|0x0000000084200000, 0x0000000084300000, 0x0000000084300000|100%| O|  |TAMS 0x0000000084300000, 0x0000000084200000| Untracked 
|  67|0x0000000084300000, 0x0000000084400000, 0x0000000084400000|100%| O|  |TAMS 0x0000000084400000, 0x0000000084300000| Complete 
|  68|0x0000000084400000, 0x0000000084500000, 0x0000000084500000|100%|HS|  |TAMS 0x0000000084400000, 0x0000000084400000| Complete 
|  69|0x0000000084500000, 0x0000000084500000, 0x0000000084600000|  0%| F|  |TAMS 0x0000000084500000, 0x0000000084500000| Untracked 
|  70|0x0000000084600000, 0x0000000084700000, 0x0000000084700000|100%|HS|  |TAMS 0x0000000084600000, 0x0000000084600000| Complete 
|  71|0x0000000084700000, 0x0000000084800000, 0x0000000084800000|100%| O|  |TAMS 0x0000000084800000, 0x0000000084700000| Untracked 
|  72|0x0000000084800000, 0x0000000084800000, 0x0000000084900000|  0%| F|  |TAMS 0x0000000084800000, 0x0000000084800000| Untracked 
|  73|0x0000000084900000, 0x0000000084900000, 0x0000000084a00000|  0%| F|  |TAMS 0x0000000084900000, 0x0000000084900000| Untracked 
|  74|0x0000000084a00000, 0x0000000084a00000, 0x0000000084b00000|  0%| F|  |TAMS 0x0000000084a00000, 0x0000000084a00000| Untracked 
|  75|0x0000000084b00000, 0x0000000084c00000, 0x0000000084c00000|100%| O|  |TAMS 0x0000000084c00000, 0x0000000084b00000| Complete 
|  76|0x0000000084c00000, 0x0000000084d00000, 0x0000000084d00000|100%| O|  |TAMS 0x0000000084d00000, 0x0000000084c00000| Complete 
|  77|0x0000000084d00000, 0x0000000084e00000, 0x0000000084e00000|100%| O|  |TAMS 0x0000000084e00000, 0x0000000084d00000| Complete 
|  78|0x0000000084e00000, 0x0000000084f00000, 0x0000000084f00000|100%| O|  |TAMS 0x0000000084f00000, 0x0000000084e00000| Complete 
|  79|0x0000000084f00000, 0x0000000085000000, 0x0000000085000000|100%| O|  |TAMS 0x0000000085000000, 0x0000000084f00000| Complete 
|  80|0x0000000085000000, 0x0000000085100000, 0x0000000085100000|100%| O|  |TAMS 0x0000000085100000, 0x0000000085000000| Complete 
|  81|0x0000000085100000, 0x0000000085200000, 0x0000000085200000|100%| O|  |TAMS 0x0000000085200000, 0x0000000085100000| Complete 
|  82|0x0000000085200000, 0x0000000085300000, 0x0000000085300000|100%| O|  |TAMS 0x0000000085300000, 0x0000000085200000| Complete 
|  83|0x0000000085300000, 0x0000000085400000, 0x0000000085400000|100%| O|  |TAMS 0x0000000085400000, 0x0000000085300000| Complete 
|  84|0x0000000085400000, 0x0000000085500000, 0x0000000085500000|100%| O|  |TAMS 0x0000000085500000, 0x0000000085400000| Untracked 
|  85|0x0000000085500000, 0x0000000085600000, 0x0000000085600000|100%| O|  |TAMS 0x0000000085600000, 0x0000000085500000| Complete 
|  86|0x0000000085600000, 0x0000000085700000, 0x0000000085700000|100%| O|  |TAMS 0x0000000085700000, 0x0000000085600000| Complete 
|  87|0x0000000085700000, 0x0000000085800000, 0x0000000085800000|100%| O|  |TAMS 0x0000000085800000, 0x0000000085700000| Untracked 
|  88|0x0000000085800000, 0x0000000085900000, 0x0000000085900000|100%| O|  |TAMS 0x0000000085900000, 0x0000000085800000| Untracked 
|  89|0x0000000085900000, 0x0000000085a00000, 0x0000000085a00000|100%| O|  |TAMS 0x0000000085a00000, 0x0000000085900000| Complete 
|  90|0x0000000085a00000, 0x0000000085b00000, 0x0000000085b00000|100%| O|  |TAMS 0x0000000085b00000, 0x0000000085a00000| Complete 
|  91|0x0000000085b00000, 0x0000000085c00000, 0x0000000085c00000|100%| O|  |TAMS 0x0000000085c00000, 0x0000000085b00000| Complete 
|  92|0x0000000085c00000, 0x0000000085d00000, 0x0000000085d00000|100%| O|  |TAMS 0x0000000085d00000, 0x0000000085c00000| Complete 
|  93|0x0000000085d00000, 0x0000000085e00000, 0x0000000085e00000|100%| O|  |TAMS 0x0000000085e00000, 0x0000000085d00000| Untracked 
|  94|0x0000000085e00000, 0x0000000085f00000, 0x0000000085f00000|100%| O|  |TAMS 0x0000000085f00000, 0x0000000085e00000| Untracked 
|  95|0x0000000085f00000, 0x0000000086000000, 0x0000000086000000|100%| O|  |TAMS 0x0000000086000000, 0x0000000085f00000| Complete 
|  96|0x0000000086000000, 0x0000000086100000, 0x0000000086100000|100%| O|  |TAMS 0x0000000086100000, 0x0000000086000000| Complete 
|  97|0x0000000086100000, 0x0000000086200000, 0x0000000086200000|100%| O|  |TAMS 0x0000000086200000, 0x0000000086100000| Complete 
|  98|0x0000000086200000, 0x0000000086300000, 0x0000000086300000|100%| O|  |TAMS 0x0000000086300000, 0x0000000086200000| Complete 
|  99|0x0000000086300000, 0x0000000086400000, 0x0000000086400000|100%| O|  |TAMS 0x0000000086400000, 0x0000000086300000| Complete 
| 100|0x0000000086400000, 0x00000000864e0e00, 0x0000000086500000| 87%| O|  |TAMS 0x00000000864e0e00, 0x0000000086400000| Untracked 
| 101|0x0000000086500000, 0x0000000086500000, 0x0000000086600000|  0%| F|  |TAMS 0x0000000086500000, 0x0000000086500000| Untracked 
| 102|0x0000000086600000, 0x0000000086600000, 0x0000000086700000|  0%| F|  |TAMS 0x0000000086600000, 0x0000000086600000| Untracked 
| 103|0x0000000086700000, 0x0000000086700000, 0x0000000086800000|  0%| F|  |TAMS 0x0000000086700000, 0x0000000086700000| Untracked 
| 104|0x0000000086800000, 0x0000000086800000, 0x0000000086900000|  0%| F|  |TAMS 0x0000000086800000, 0x0000000086800000| Untracked 
| 105|0x0000000086900000, 0x0000000086900000, 0x0000000086a00000|  0%| F|  |TAMS 0x0000000086900000, 0x0000000086900000| Untracked 
| 106|0x0000000086a00000, 0x0000000086a00000, 0x0000000086b00000|  0%| F|  |TAMS 0x0000000086a00000, 0x0000000086a00000| Untracked 
| 107|0x0000000086b00000, 0x0000000086b00000, 0x0000000086c00000|  0%| F|  |TAMS 0x0000000086b00000, 0x0000000086b00000| Untracked 
| 108|0x0000000086c00000, 0x0000000086c00000, 0x0000000086d00000|  0%| F|  |TAMS 0x0000000086c00000, 0x0000000086c00000| Untracked 
| 109|0x0000000086d00000, 0x0000000086d00000, 0x0000000086e00000|  0%| F|  |TAMS 0x0000000086d00000, 0x0000000086d00000| Untracked 
| 110|0x0000000086e00000, 0x0000000086e00000, 0x0000000086f00000|  0%| F|  |TAMS 0x0000000086e00000, 0x0000000086e00000| Untracked 
| 111|0x0000000086f00000, 0x0000000086f00000, 0x0000000087000000|  0%| F|  |TAMS 0x0000000086f00000, 0x0000000086f00000| Untracked 
| 112|0x0000000087000000, 0x0000000087000000, 0x0000000087100000|  0%| F|  |TAMS 0x0000000087000000, 0x0000000087000000| Untracked 
| 113|0x0000000087100000, 0x0000000087100000, 0x0000000087200000|  0%| F|  |TAMS 0x0000000087100000, 0x0000000087100000| Untracked 
| 114|0x0000000087200000, 0x0000000087200000, 0x0000000087300000|  0%| F|  |TAMS 0x0000000087200000, 0x0000000087200000| Untracked 
| 115|0x0000000087300000, 0x0000000087300000, 0x0000000087400000|  0%| F|  |TAMS 0x0000000087300000, 0x0000000087300000| Untracked 
| 116|0x0000000087400000, 0x0000000087400000, 0x0000000087500000|  0%| F|  |TAMS 0x0000000087400000, 0x0000000087400000| Untracked 
| 117|0x0000000087500000, 0x0000000087500000, 0x0000000087600000|  0%| F|  |TAMS 0x0000000087500000, 0x0000000087500000| Untracked 
| 118|0x0000000087600000, 0x0000000087600000, 0x0000000087700000|  0%| F|  |TAMS 0x0000000087600000, 0x0000000087600000| Untracked 
| 119|0x0000000087700000, 0x0000000087700000, 0x0000000087800000|  0%| F|  |TAMS 0x0000000087700000, 0x0000000087700000| Untracked 
| 120|0x0000000087800000, 0x0000000087800000, 0x0000000087900000|  0%| F|  |TAMS 0x0000000087800000, 0x0000000087800000| Untracked 
| 121|0x0000000087900000, 0x0000000087900000, 0x0000000087a00000|  0%| F|  |TAMS 0x0000000087900000, 0x0000000087900000| Untracked 
| 122|0x0000000087a00000, 0x0000000087a00000, 0x0000000087b00000|  0%| F|  |TAMS 0x0000000087a00000, 0x0000000087a00000| Untracked 
| 123|0x0000000087b00000, 0x0000000087b00000, 0x0000000087c00000|  0%| F|  |TAMS 0x0000000087b00000, 0x0000000087b00000| Untracked 
| 124|0x0000000087c00000, 0x0000000087c00000, 0x0000000087d00000|  0%| F|  |TAMS 0x0000000087c00000, 0x0000000087c00000| Untracked 
| 125|0x0000000087d00000, 0x0000000087d00000, 0x0000000087e00000|  0%| F|  |TAMS 0x0000000087d00000, 0x0000000087d00000| Untracked 
| 126|0x0000000087e00000, 0x0000000087e00000, 0x0000000087f00000|  0%| F|  |TAMS 0x0000000087e00000, 0x0000000087e00000| Untracked 
| 127|0x0000000087f00000, 0x0000000087f00000, 0x0000000088000000|  0%| F|  |TAMS 0x0000000087f00000, 0x0000000087f00000| Untracked 
| 128|0x0000000088000000, 0x0000000088000000, 0x0000000088100000|  0%| F|  |TAMS 0x0000000088000000, 0x0000000088000000| Untracked 
| 129|0x0000000088100000, 0x0000000088100000, 0x0000000088200000|  0%| F|  |TAMS 0x0000000088100000, 0x0000000088100000| Untracked 
| 130|0x0000000088200000, 0x0000000088200000, 0x0000000088300000|  0%| F|  |TAMS 0x0000000088200000, 0x0000000088200000| Untracked 
| 131|0x0000000088300000, 0x0000000088300000, 0x0000000088400000|  0%| F|  |TAMS 0x0000000088300000, 0x0000000088300000| Untracked 
| 132|0x0000000088400000, 0x0000000088400000, 0x0000000088500000|  0%| F|  |TAMS 0x0000000088400000, 0x0000000088400000| Untracked 
| 133|0x0000000088500000, 0x0000000088500000, 0x0000000088600000|  0%| F|  |TAMS 0x0000000088500000, 0x0000000088500000| Untracked 
| 134|0x0000000088600000, 0x0000000088600000, 0x0000000088700000|  0%| F|  |TAMS 0x0000000088600000, 0x0000000088600000| Untracked 
| 135|0x0000000088700000, 0x0000000088700000, 0x0000000088800000|  0%| F|  |TAMS 0x0000000088700000, 0x0000000088700000| Untracked 
| 136|0x0000000088800000, 0x0000000088800000, 0x0000000088900000|  0%| F|  |TAMS 0x0000000088800000, 0x0000000088800000| Untracked 
| 137|0x0000000088900000, 0x0000000088900000, 0x0000000088a00000|  0%| F|  |TAMS 0x0000000088900000, 0x0000000088900000| Untracked 
| 138|0x0000000088a00000, 0x0000000088a00000, 0x0000000088b00000|  0%| F|  |TAMS 0x0000000088a00000, 0x0000000088a00000| Untracked 
| 139|0x0000000088b00000, 0x0000000088b00000, 0x0000000088c00000|  0%| F|  |TAMS 0x0000000088b00000, 0x0000000088b00000| Untracked 
| 140|0x0000000088c00000, 0x0000000088c00000, 0x0000000088d00000|  0%| F|  |TAMS 0x0000000088c00000, 0x0000000088c00000| Untracked 
| 141|0x0000000088d00000, 0x0000000088d00000, 0x0000000088e00000|  0%| F|  |TAMS 0x0000000088d00000, 0x0000000088d00000| Untracked 
| 142|0x0000000088e00000, 0x0000000088e00000, 0x0000000088f00000|  0%| F|  |TAMS 0x0000000088e00000, 0x0000000088e00000| Untracked 
| 143|0x0000000088f00000, 0x0000000088f00000, 0x0000000089000000|  0%| F|  |TAMS 0x0000000088f00000, 0x0000000088f00000| Untracked 
| 144|0x0000000089000000, 0x0000000089000000, 0x0000000089100000|  0%| F|  |TAMS 0x0000000089000000, 0x0000000089000000| Untracked 
| 145|0x0000000089100000, 0x000000008915d8d8, 0x0000000089200000| 36%| S|CS|TAMS 0x0000000089100000, 0x0000000089100000| Complete 
| 146|0x0000000089200000, 0x0000000089300000, 0x0000000089300000|100%| S|CS|TAMS 0x0000000089200000, 0x0000000089200000| Complete 
| 147|0x0000000089300000, 0x0000000089400000, 0x0000000089400000|100%| S|CS|TAMS 0x0000000089300000, 0x0000000089300000| Complete 
| 148|0x0000000089400000, 0x0000000089400000, 0x0000000089500000|  0%| F|  |TAMS 0x0000000089400000, 0x0000000089400000| Untracked 
| 149|0x0000000089500000, 0x0000000089500000, 0x0000000089600000|  0%| F|  |TAMS 0x0000000089500000, 0x0000000089500000| Untracked 
| 150|0x0000000089600000, 0x0000000089600000, 0x0000000089700000|  0%| F|  |TAMS 0x0000000089600000, 0x0000000089600000| Untracked 
| 151|0x0000000089700000, 0x0000000089700000, 0x0000000089800000|  0%| F|  |TAMS 0x0000000089700000, 0x0000000089700000| Untracked 
| 152|0x0000000089800000, 0x0000000089800000, 0x0000000089900000|  0%| F|  |TAMS 0x0000000089800000, 0x0000000089800000| Untracked 
| 153|0x0000000089900000, 0x0000000089900000, 0x0000000089a00000|  0%| F|  |TAMS 0x0000000089900000, 0x0000000089900000| Untracked 
| 154|0x0000000089a00000, 0x0000000089afa188, 0x0000000089b00000| 97%| E|  |TAMS 0x0000000089a00000, 0x0000000089a00000| Complete 
| 155|0x0000000089b00000, 0x0000000089c00000, 0x0000000089c00000|100%| E|CS|TAMS 0x0000000089b00000, 0x0000000089b00000| Complete 
| 156|0x0000000089c00000, 0x0000000089d00000, 0x0000000089d00000|100%| E|CS|TAMS 0x0000000089c00000, 0x0000000089c00000| Complete 
| 157|0x0000000089d00000, 0x0000000089e00000, 0x0000000089e00000|100%| E|CS|TAMS 0x0000000089d00000, 0x0000000089d00000| Complete 
| 158|0x0000000089e00000, 0x0000000089f00000, 0x0000000089f00000|100%| E|  |TAMS 0x0000000089e00000, 0x0000000089e00000| Complete 
| 159|0x0000000089f00000, 0x000000008a000000, 0x000000008a000000|100%| E|CS|TAMS 0x0000000089f00000, 0x0000000089f00000| Complete 
| 160|0x000000008a000000, 0x000000008a100000, 0x000000008a100000|100%| E|CS|TAMS 0x000000008a000000, 0x000000008a000000| Complete 
| 161|0x000000008a100000, 0x000000008a200000, 0x000000008a200000|100%| E|CS|TAMS 0x000000008a100000, 0x000000008a100000| Complete 
| 162|0x000000008a200000, 0x000000008a300000, 0x000000008a300000|100%| E|CS|TAMS 0x000000008a200000, 0x000000008a200000| Complete 
| 163|0x000000008a300000, 0x000000008a400000, 0x000000008a400000|100%| E|CS|TAMS 0x000000008a300000, 0x000000008a300000| Complete 
| 164|0x000000008a400000, 0x000000008a500000, 0x000000008a500000|100%| E|CS|TAMS 0x000000008a400000, 0x000000008a400000| Complete 
| 165|0x000000008a500000, 0x000000008a600000, 0x000000008a600000|100%| E|CS|TAMS 0x000000008a500000, 0x000000008a500000| Complete 
| 166|0x000000008a600000, 0x000000008a700000, 0x000000008a700000|100%| E|CS|TAMS 0x000000008a600000, 0x000000008a600000| Complete 
| 167|0x000000008a700000, 0x000000008a800000, 0x000000008a800000|100%| E|CS|TAMS 0x000000008a700000, 0x000000008a700000| Complete 
| 168|0x000000008a800000, 0x000000008a900000, 0x000000008a900000|100%| E|CS|TAMS 0x000000008a800000, 0x000000008a800000| Complete 
| 169|0x000000008a900000, 0x000000008aa00000, 0x000000008aa00000|100%| E|CS|TAMS 0x000000008a900000, 0x000000008a900000| Complete 
| 170|0x000000008aa00000, 0x000000008ab00000, 0x000000008ab00000|100%| E|CS|TAMS 0x000000008aa00000, 0x000000008aa00000| Complete 
| 171|0x000000008ab00000, 0x000000008ac00000, 0x000000008ac00000|100%| E|CS|TAMS 0x000000008ab00000, 0x000000008ab00000| Complete 
| 172|0x000000008ac00000, 0x000000008ad00000, 0x000000008ad00000|100%| E|CS|TAMS 0x000000008ac00000, 0x000000008ac00000| Complete 
| 173|0x000000008ad00000, 0x000000008ae00000, 0x000000008ae00000|100%| E|CS|TAMS 0x000000008ad00000, 0x000000008ad00000| Complete 
| 174|0x000000008ae00000, 0x000000008af00000, 0x000000008af00000|100%| E|CS|TAMS 0x000000008ae00000, 0x000000008ae00000| Complete 
| 175|0x000000008af00000, 0x000000008b000000, 0x000000008b000000|100%| E|CS|TAMS 0x000000008af00000, 0x000000008af00000| Complete 
| 176|0x000000008b000000, 0x000000008b100000, 0x000000008b100000|100%| E|CS|TAMS 0x000000008b000000, 0x000000008b000000| Complete 
| 177|0x000000008b100000, 0x000000008b200000, 0x000000008b200000|100%| E|CS|TAMS 0x000000008b100000, 0x000000008b100000| Complete 
| 178|0x000000008b200000, 0x000000008b300000, 0x000000008b300000|100%| E|CS|TAMS 0x000000008b200000, 0x000000008b200000| Complete 
| 179|0x000000008b300000, 0x000000008b400000, 0x000000008b400000|100%| E|CS|TAMS 0x000000008b300000, 0x000000008b300000| Complete 
| 180|0x000000008b400000, 0x000000008b500000, 0x000000008b500000|100%| E|CS|TAMS 0x000000008b400000, 0x000000008b400000| Complete 
| 181|0x000000008b500000, 0x000000008b600000, 0x000000008b600000|100%| E|CS|TAMS 0x000000008b500000, 0x000000008b500000| Complete 
| 182|0x000000008b600000, 0x000000008b700000, 0x000000008b700000|100%| E|CS|TAMS 0x000000008b600000, 0x000000008b600000| Complete 

Card table byte_map: [0x000001e1a4100000,0x000001e1a4500000] _byte_map_base: 0x000001e1a3d00000

Marking Bits (Prev, Next): (CMBitMap*) 0x000001e190929ea8, (CMBitMap*) 0x000001e190929ee0
 Prev Bits: [0x000001e1a4900000, 0x000001e1a6900000)
 Next Bits: [0x000001e1a6900000, 0x000001e1a8900000)

Polling page: 0x000001e194270000

Metaspace:

Usage:
  Non-class:     89.32 MB capacity,    87.75 MB ( 98%) used,     1.28 MB (  1%) free+waste,   295.25 KB ( <1%) overhead. 
      Class:     13.89 MB capacity,    12.94 MB ( 93%) used,   839.70 KB (  6%) free+waste,   133.50 KB ( <1%) overhead. 
       Both:    103.21 MB capacity,   100.69 MB ( 98%) used,     2.10 MB (  2%) free+waste,   428.75 KB ( <1%) overhead. 

Virtual space:
  Non-class space:       90.00 MB reserved,      90.00 MB (100%) committed 
      Class space:        1.00 GB reserved,      14.38 MB (  1%) committed 
             Both:        1.09 GB reserved,     104.38 MB (  9%) committed 

Chunk freelists:
   Non-Class:  700.00 KB
       Class:  432.00 KB
        Both:  1.11 MB

MaxMetaspaceSize: 17179869184.00 GB
CompressedClassSpaceSize: 1.00 GB

CodeHeap 'non-profiled nmethods': size=120000Kb used=5039Kb max_used=5039Kb free=114960Kb
 bounds [0x000001e19bd60000, 0x000001e19c250000, 0x000001e1a3290000]
CodeHeap 'profiled nmethods': size=120000Kb used=26401Kb max_used=26401Kb free=93598Kb
 bounds [0x000001e194830000, 0x000001e196200000, 0x000001e19bd60000]
CodeHeap 'non-nmethods': size=5760Kb used=2312Kb max_used=2341Kb free=3447Kb
 bounds [0x000001e194290000, 0x000001e194500000, 0x000001e194830000]
 total_blobs=14127 nmethods=13217 adapters=820
 compilation: enabled
              stopped_count=0, restarted_count=0
 full_count=0

Compilation events (20 events):
Event: 16.619 Thread 0x000001e1ab420000 nmethod 13666 0x000001e1961b4290 code [0x000001e1961b4440, 0x000001e1961b4538]
Event: 16.619 Thread 0x000001e1ab420000 13672   !   2       java.util.concurrent.ConcurrentHashMap::putVal (432 bytes)
Event: 16.621 Thread 0x000001e1ab420000 nmethod 13672 0x000001e1961b4610 code [0x000001e1961b48c0, 0x000001e1961b5a18]
Event: 16.621 Thread 0x000001e1ab420000 13669       2       com.android.tools.r8.dex.c::a (32 bytes)
Event: 16.621 Thread 0x000001e1ab420000 nmethod 13669 0x000001e1961b6290 code [0x000001e1961b6440, 0x000001e1961b6568]
Event: 16.621 Thread 0x000001e1ab420000 13673       2       com.android.tools.r8.graph.D1::d (33 bytes)
Event: 16.621 Thread 0x000001e1ab420000 nmethod 13673 0x000001e1961b6690 code [0x000001e1961b6840, 0x000001e1961b6958]
Event: 16.621 Thread 0x000001e1ab420000 13674       2       com.android.tools.r8.graph.D1::a (34 bytes)
Event: 16.621 Thread 0x000001e1ab420000 nmethod 13674 0x000001e1961b6a10 code [0x000001e1961b6bc0, 0x000001e1961b6d98]
Event: 16.621 Thread 0x000001e1ab420000 13671       2       com.android.tools.r8.dex.n::a (83 bytes)
Event: 16.621 Thread 0x000001e1ab420000 nmethod 13671 0x000001e1961b6e90 code [0x000001e1961b7080, 0x000001e1961b72b8]
Event: 16.621 Thread 0x000001e1ab420000 13675       2       com.android.tools.r8.s.a.b.l.d$c::hasNext (20 bytes)
Event: 16.622 Thread 0x000001e1ab420000 nmethod 13675 0x000001e1961b7490 code [0x000001e1961b7640, 0x000001e1961b7758]
Event: 16.622 Thread 0x000001e1ab420000 13676       2       com.android.tools.r8.s.a.b.l.d$c::l (60 bytes)
Event: 16.622 Thread 0x000001e1ab420000 nmethod 13676 0x000001e1961b7810 code [0x000001e1961b7a00, 0x000001e1961b7d58]
Event: 16.622 Thread 0x000001e1ab420000 13677       2       com.android.tools.r8.s.a.b.l.c::next (5 bytes)
Event: 16.622 Thread 0x000001e1ab420000 nmethod 13677 0x000001e1961b7f10 code [0x000001e1961b80c0, 0x000001e1961b81c8]
Event: 16.622 Thread 0x000001e1ab420000 13678   !   2       java.io.StringReader::read (133 bytes)
Event: 16.622 Thread 0x000001e1ab420000 nmethod 13678 0x000001e1961b8290 code [0x000001e1961b84a0, 0x000001e1961b8a68]
Event: 16.622 Thread 0x000001e1ab420000 13680 %     3       com.android.tools.r8.dex.n::m @ 64 (2054 bytes)

GC Heap History (20 events):
Event: 12.469 GC heap before
{Heap before GC invocations=19 (full 0):
 garbage-first heap   total 155648K, used 123786K [0x0000000080000000, 0x0000000100000000)
  region size 1024K, 66 young (67584K), 7 survivors (7168K)
 Metaspace       used 81456K, capacity 83501K, committed 83840K, reserved 1122304K
  class space    used 10559K, capacity 11292K, committed 11392K, reserved 1048576K
}
Event: 12.476 GC heap after
{Heap after GC invocations=20 (full 0):
 garbage-first heap   total 155648K, used 70946K [0x0000000080000000, 0x0000000100000000)
  region size 1024K, 9 young (9216K), 9 survivors (9216K)
 Metaspace       used 81456K, capacity 83501K, committed 83840K, reserved 1122304K
  class space    used 10559K, capacity 11292K, committed 11392K, reserved 1048576K
}
Event: 12.689 GC heap before
{Heap before GC invocations=20 (full 0):
 garbage-first heap   total 155648K, used 123170K [0x0000000080000000, 0x0000000100000000)
  region size 1024K, 61 young (62464K), 9 survivors (9216K)
 Metaspace       used 82009K, capacity 84074K, committed 84096K, reserved 1122304K
  class space    used 10618K, capacity 11375K, committed 11392K, reserved 1048576K
}
Event: 12.693 GC heap after
{Heap after GC invocations=21 (full 0):
 garbage-first heap   total 155648K, used 70886K [0x0000000080000000, 0x0000000100000000)
  region size 1024K, 2 young (2048K), 2 survivors (2048K)
 Metaspace       used 82009K, capacity 84074K, committed 84096K, reserved 1122304K
  class space    used 10618K, capacity 11375K, committed 11392K, reserved 1048576K
}
Event: 13.257 GC heap before
{Heap before GC invocations=21 (full 0):
 garbage-first heap   total 155648K, used 102630K [0x0000000080000000, 0x0000000100000000)
  region size 1024K, 35 young (35840K), 2 survivors (2048K)
 Metaspace       used 88636K, capacity 90826K, committed 90880K, reserved 1128448K
  class space    used 11457K, capacity 12263K, committed 12288K, reserved 1048576K
}
Event: 13.264 GC heap after
{Heap after GC invocations=22 (full 0):
 garbage-first heap   total 155648K, used 72209K [0x0000000080000000, 0x0000000100000000)
  region size 1024K, 3 young (3072K), 3 survivors (3072K)
 Metaspace       used 88636K, capacity 90826K, committed 90880K, reserved 1128448K
  class space    used 11457K, capacity 12263K, committed 12288K, reserved 1048576K
}
Event: 14.361 GC heap before
{Heap before GC invocations=23 (full 0):
 garbage-first heap   total 155648K, used 126481K [0x0000000080000000, 0x0000000100000000)
  region size 1024K, 54 young (55296K), 3 survivors (3072K)
 Metaspace       used 90996K, capacity 93087K, committed 93440K, reserved 1130496K
  class space    used 11603K, capacity 12410K, committed 12544K, reserved 1048576K
}
Event: 14.372 GC heap after
{Heap after GC invocations=24 (full 0):
 garbage-first heap   total 155648K, used 84392K [0x0000000080000000, 0x0000000100000000)
  region size 1024K, 7 young (7168K), 7 survivors (7168K)
 Metaspace       used 90996K, capacity 93087K, committed 93440K, reserved 1130496K
  class space    used 11603K, capacity 12410K, committed 12544K, reserved 1048576K
}
Event: 14.712 GC heap before
{Heap before GC invocations=24 (full 0):
 garbage-first heap   total 155648K, used 121256K [0x0000000080000000, 0x0000000100000000)
  region size 1024K, 45 young (46080K), 7 survivors (7168K)
 Metaspace       used 92044K, capacity 94202K, committed 94464K, reserved 1130496K
  class space    used 11703K, capacity 12482K, committed 12544K, reserved 1048576K
}
Event: 14.723 GC heap after
{Heap after GC invocations=25 (full 0):
 garbage-first heap   total 155648K, used 88064K [0x0000000080000000, 0x0000000100000000)
  region size 1024K, 5 young (5120K), 5 survivors (5120K)
 Metaspace       used 92044K, capacity 94202K, committed 94464K, reserved 1130496K
  class space    used 11703K, capacity 12482K, committed 12544K, reserved 1048576K
}
Event: 15.130 GC heap before
{Heap before GC invocations=26 (full 0):
 garbage-first heap   total 155648K, used 129024K [0x0000000080000000, 0x0000000100000000)
  region size 1024K, 42 young (43008K), 5 survivors (5120K)
 Metaspace       used 96295K, capacity 98740K, committed 98816K, reserved 1134592K
  class space    used 12367K, capacity 13273K, committed 13312K, reserved 1048576K
}
Event: 15.141 GC heap after
{Heap after GC invocations=27 (full 0):
 garbage-first heap   total 187392K, used 93923K [0x0000000080000000, 0x0000000100000000)
  region size 1024K, 6 young (6144K), 6 survivors (6144K)
 Metaspace       used 96295K, capacity 98740K, committed 98816K, reserved 1134592K
  class space    used 12367K, capacity 13273K, committed 13312K, reserved 1048576K
}
Event: 15.566 GC heap before
{Heap before GC invocations=27 (full 0):
 garbage-first heap   total 187392K, used 141027K [0x0000000080000000, 0x0000000100000000)
  region size 1024K, 53 young (54272K), 6 survivors (6144K)
 Metaspace       used 100753K, capacity 103629K, committed 103808K, reserved 1138688K
  class space    used 13102K, capacity 14197K, committed 14208K, reserved 1048576K
}
Event: 15.585 GC heap after
{Heap after GC invocations=28 (full 0):
 garbage-first heap   total 187392K, used 102137K [0x0000000080000000, 0x0000000100000000)
  region size 1024K, 7 young (7168K), 7 survivors (7168K)
 Metaspace       used 100753K, capacity 103629K, committed 103808K, reserved 1138688K
  class space    used 13102K, capacity 14197K, committed 14208K, reserved 1048576K
}
Event: 15.877 GC heap before
{Heap before GC invocations=29 (full 0):
 garbage-first heap   total 187392K, used 144121K [0x0000000080000000, 0x0000000100000000)
  region size 1024K, 50 young (51200K), 7 survivors (7168K)
 Metaspace       used 102566K, capacity 105463K, committed 105600K, reserved 1140736K
  class space    used 13353K, capacity 14464K, committed 14464K, reserved 1048576K
}
Event: 15.896 GC heap after
{Heap after GC invocations=30 (full 0):
 garbage-first heap   total 187392K, used 103821K [0x0000000080000000, 0x0000000100000000)
  region size 1024K, 4 young (4096K), 4 survivors (4096K)
 Metaspace       used 102566K, capacity 105463K, committed 105600K, reserved 1140736K
  class space    used 13353K, capacity 14464K, committed 14464K, reserved 1048576K
}
Event: 15.920 GC heap before
{Heap before GC invocations=30 (full 0):
 garbage-first heap   total 187392K, used 107917K [0x0000000080000000, 0x0000000100000000)
  region size 1024K, 9 young (9216K), 4 survivors (4096K)
 Metaspace       used 102664K, capacity 105621K, committed 105728K, reserved 1140736K
  class space    used 13375K, capacity 14494K, committed 14592K, reserved 1048576K
}
Event: 15.924 GC heap after
{Heap after GC invocations=31 (full 0):
 garbage-first heap   total 187392K, used 100804K [0x0000000080000000, 0x0000000100000000)
  region size 1024K, 2 young (2048K), 2 survivors (2048K)
 Metaspace       used 102664K, capacity 105621K, committed 105728K, reserved 1140736K
  class space    used 13375K, capacity 14494K, committed 14592K, reserved 1048576K
}
Event: 16.105 GC heap before
{Heap before GC invocations=31 (full 0):
 garbage-first heap   total 187392K, used 132548K [0x0000000080000000, 0x0000000100000000)
  region size 1024K, 35 young (35840K), 2 survivors (2048K)
 Metaspace       used 102886K, capacity 105836K, committed 105984K, reserved 1140736K
  class space    used 13378K, capacity 14495K, committed 14592K, reserved 1048576K
}
Event: 16.113 GC heap after
{Heap after GC invocations=32 (full 0):
 garbage-first heap   total 187392K, used 101625K [0x0000000080000000, 0x0000000100000000)
  region size 1024K, 3 young (3072K), 3 survivors (3072K)
 Metaspace       used 102886K, capacity 105836K, committed 105984K, reserved 1140736K
  class space    used 13378K, capacity 14495K, committed 14592K, reserved 1048576K
}

Deoptimization events (20 events):
Event: 16.581 Thread 0x000001e1ac0b9000 DEOPT PACKING pc=0x000001e195695ea4 sp=0x00000054d90feea0
Event: 16.581 Thread 0x000001e1ac0b9800 DEOPT PACKING pc=0x000001e195695ea4 sp=0x00000054d8fff130
Event: 16.581 Thread 0x000001e1ac0bb800 DEOPT PACKING pc=0x000001e195695ea4 sp=0x00000054d92fec00
Event: 16.581 Thread 0x000001e1ac0b9000 DEOPT UNPACKING pc=0x000001e1942b8ade sp=0x00000054d90fe460 mode 0
Event: 16.581 Thread 0x000001e1ac0b9800 DEOPT UNPACKING pc=0x000001e1942b8ade sp=0x00000054d8ffe6f0 mode 0
Event: 16.581 Thread 0x000001e1ac0bb800 DEOPT UNPACKING pc=0x000001e1942b8ade sp=0x00000054d92fe1c0 mode 0
Event: 16.606 Thread 0x000001e1ac0bb800 DEOPT PACKING pc=0x000001e195e0a643 sp=0x00000054d92fcde0
Event: 16.606 Thread 0x000001e1ac0bb800 DEOPT UNPACKING pc=0x000001e1942b8ade sp=0x00000054d92fc320 mode 0
Event: 16.612 Thread 0x000001e1ac0bb800 Uncommon trap: trap_request=0xffffff4d fr.pc=0x000001e19c00a3dc relative=0x00000000000000bc
Event: 16.612 Thread 0x000001e1ac0b9800 Uncommon trap: trap_request=0xffffff4d fr.pc=0x000001e19c00a3dc relative=0x00000000000000bc
Event: 16.612 Thread 0x000001e1ac0bb800 Uncommon trap: reason=unstable_if action=reinterpret pc=0x000001e19c00a3dc method=jdk.internal.misc.Unsafe.convEndian(ZS)S @ 4 c2
Event: 16.612 Thread 0x000001e1ac0b9800 Uncommon trap: reason=unstable_if action=reinterpret pc=0x000001e19c00a3dc method=jdk.internal.misc.Unsafe.convEndian(ZS)S @ 4 c2
Event: 16.612 Thread 0x000001e1ac0bb800 DEOPT PACKING pc=0x000001e19c00a3dc sp=0x00000054d92fd200
Event: 16.612 Thread 0x000001e1ac0b9800 DEOPT PACKING pc=0x000001e19c00a3dc sp=0x00000054d8ffd730
Event: 16.612 Thread 0x000001e1ac0b9800 DEOPT UNPACKING pc=0x000001e19429822f sp=0x00000054d8ffd5f0 mode 2
Event: 16.612 Thread 0x000001e1ac0bb800 DEOPT UNPACKING pc=0x000001e19429822f sp=0x00000054d92fd0c0 mode 2
Event: 16.619 Thread 0x000001e1ac0b9800 Uncommon trap: trap_request=0xffffff4d fr.pc=0x000001e19c1d9430 relative=0x00000000000012f0
Event: 16.619 Thread 0x000001e1ac0b9800 Uncommon trap: reason=unstable_if action=reinterpret pc=0x000001e19c1d9430 method=java.util.concurrent.ConcurrentHashMap.putVal(Ljava/lang/Object;Ljava/lang/Object;Z)Ljava/lang/Object; @ 162 c2
Event: 16.619 Thread 0x000001e1ac0b9800 DEOPT PACKING pc=0x000001e19c1d9430 sp=0x00000054d8ffd750
Event: 16.619 Thread 0x000001e1ac0b9800 DEOPT UNPACKING pc=0x000001e19429822f sp=0x00000054d8ffd6f8 mode 2

Classes redefined (0 events):
No events

Internal exceptions (20 events):
Event: 16.002 Thread 0x000001e1b42f6800 Exception <a 'sun/nio/fs/WindowsException'{0x000000008a4f2ba0}> (0x000000008a4f2ba0) thrown at [./src/hotspot/share/prims/jni.cpp, line 615]
Event: 16.004 Thread 0x000001e1b42f7800 Exception <a 'sun/nio/fs/WindowsException'{0x000000008a3eea50}> (0x000000008a3eea50) thrown at [./src/hotspot/share/prims/jni.cpp, line 615]
Event: 16.004 Thread 0x000001e1b42fa800 Exception <a 'sun/nio/fs/WindowsException'{0x000000008a3d3850}> (0x000000008a3d3850) thrown at [./src/hotspot/share/prims/jni.cpp, line 615]
Event: 16.006 Thread 0x000001e1b42fa800 Exception <a 'sun/nio/fs/WindowsException'{0x000000008a3da5d0}> (0x000000008a3da5d0) thrown at [./src/hotspot/share/prims/jni.cpp, line 615]
Event: 16.007 Thread 0x000001e1b42f6800 Exception <a 'sun/nio/fs/WindowsException'{0x000000008a2e7eb8}> (0x000000008a2e7eb8) thrown at [./src/hotspot/share/prims/jni.cpp, line 615]
Event: 16.009 Thread 0x000001e1b42fa800 Exception <a 'sun/nio/fs/WindowsException'{0x000000008a3e2020}> (0x000000008a3e2020) thrown at [./src/hotspot/share/prims/jni.cpp, line 615]
Event: 16.009 Thread 0x000001e1b42f7800 Exception <a 'sun/nio/fs/WindowsException'{0x000000008a3fe2f0}> (0x000000008a3fe2f0) thrown at [./src/hotspot/share/prims/jni.cpp, line 615]
Event: 16.012 Thread 0x000001e1b42f6800 Exception <a 'sun/nio/fs/WindowsException'{0x000000008a2f01a0}> (0x000000008a2f01a0) thrown at [./src/hotspot/share/prims/jni.cpp, line 615]
Event: 16.012 Thread 0x000001e1b42f7800 Exception <a 'sun/nio/fs/WindowsException'{0x000000008a0fc808}> (0x000000008a0fc808) thrown at [./src/hotspot/share/prims/jni.cpp, line 615]
Event: 16.013 Thread 0x000001e1b42fa800 Exception <a 'sun/nio/fs/WindowsException'{0x000000008a0e06e0}> (0x000000008a0e06e0) thrown at [./src/hotspot/share/prims/jni.cpp, line 615]
Event: 16.015 Thread 0x000001e1b42f6800 Exception <a 'sun/nio/fs/WindowsException'{0x0000000089e847f8}> (0x0000000089e847f8) thrown at [./src/hotspot/share/prims/jni.cpp, line 615]
Event: 16.023 Thread 0x000001e1b42fa800 Exception <a 'sun/nio/fs/WindowsException'{0x000000008a0e8068}> (0x000000008a0e8068) thrown at [./src/hotspot/share/prims/jni.cpp, line 615]
Event: 16.025 Thread 0x000001e1b42fa800 Exception <a 'sun/nio/fs/WindowsException'{0x000000008a0eeca8}> (0x000000008a0eeca8) thrown at [./src/hotspot/share/prims/jni.cpp, line 615]
Event: 16.604 Thread 0x000001e1b42fa800 Exception <a 'sun/nio/fs/WindowsException'{0x000000008ac75c98}> (0x000000008ac75c98) thrown at [./src/hotspot/share/prims/jni.cpp, line 615]
Event: 16.604 Thread 0x000001e1b42f7800 Exception <a 'sun/nio/fs/WindowsException'{0x000000008ac2be68}> (0x000000008ac2be68) thrown at [./src/hotspot/share/prims/jni.cpp, line 615]
Event: 16.604 Thread 0x000001e1ac0b9000 Exception <a 'sun/nio/fs/WindowsException'{0x000000008ac5beb0}> (0x000000008ac5beb0) thrown at [./src/hotspot/share/prims/jni.cpp, line 615]
Event: 16.604 Thread 0x000001e1ac0bd000 Exception <a 'sun/nio/fs/WindowsException'{0x000000008ac9cad8}> (0x000000008ac9cad8) thrown at [./src/hotspot/share/prims/jni.cpp, line 615]
Event: 16.605 Thread 0x000001e1ac0b9800 Exception <a 'sun/nio/fs/WindowsException'{0x000000008add91d8}> (0x000000008add91d8) thrown at [./src/hotspot/share/prims/jni.cpp, line 615]
Event: 16.605 Thread 0x000001e1b42f6800 Exception <a 'sun/nio/fs/WindowsException'{0x000000008afd9420}> (0x000000008afd9420) thrown at [./src/hotspot/share/prims/jni.cpp, line 615]
Event: 16.606 Thread 0x000001e1ac0bb800 Exception <a 'sun/nio/fs/WindowsException'{0x000000008ad7d870}> (0x000000008ad7d870) thrown at [./src/hotspot/share/prims/jni.cpp, line 615]

Events (20 events):
Event: 16.623 loading class com/android/tools/r8/code/d4
Event: 16.623 loading class com/android/tools/r8/code/d4 done
Event: 16.623 loading class com/android/tools/r8/code/P2
Event: 16.623 loading class com/android/tools/r8/code/P2 done
Event: 16.623 loading class com/android/tools/r8/code/u
Event: 16.623 loading class com/android/tools/r8/code/u done
Event: 16.623 loading class com/android/tools/r8/code/b3
Event: 16.623 loading class com/android/tools/r8/code/b3 done
Event: 16.623 loading class com/android/tools/r8/code/c4
Event: 16.623 loading class com/android/tools/r8/code/c4 done
Event: 16.623 loading class com/android/tools/r8/code/O2
Event: 16.623 loading class com/android/tools/r8/code/O2 done
Event: 16.623 loading class com/android/tools/r8/code/t
Event: 16.623 loading class com/android/tools/r8/code/t done
Event: 16.624 loading class com/android/tools/r8/code/a3
Event: 16.624 loading class com/android/tools/r8/code/a3 done
Event: 16.624 loading class com/android/tools/r8/code/U2
Event: 16.624 loading class com/android/tools/r8/code/U2 done
Event: 16.624 loading class com/android/tools/r8/code/W2
Event: 16.624 loading class com/android/tools/r8/code/W2 done


Dynamic libraries:
0x00007ff76afa0000 - 0x00007ff76afaa000 	C:\Program Files\Android\Android Studio\jre\bin\java.exe
0x00007ffa856b0000 - 0x00007ffa858a5000 	C:\windows\SYSTEM32\ntdll.dll
0x00007ffa83b80000 - 0x00007ffa83c3e000 	C:\windows\System32\KERNEL32.DLL
0x00007ffa83230000 - 0x00007ffa834f9000 	C:\windows\System32\KERNELBASE.dll
0x00007ffa83500000 - 0x00007ffa83600000 	C:\windows\System32\ucrtbase.dll
0x00007ffa7a790000 - 0x00007ffa7a7a9000 	C:\Program Files\Android\Android Studio\jre\bin\jli.dll
0x00007ffa7a570000 - 0x00007ffa7a587000 	C:\Program Files\Android\Android Studio\jre\bin\VCRUNTIME140.dll
0x00007ffa85200000 - 0x00007ffa853a1000 	C:\windows\System32\USER32.dll
0x00007ffa83150000 - 0x00007ffa83172000 	C:\windows\System32\win32u.dll
0x00007ffa64eb0000 - 0x00007ffa6514a000 	C:\windows\WinSxS\amd64_microsoft.windows.common-controls_6595b64144ccf1df_6.0.19041.1110_none_60b5254171f9507e\COMCTL32.dll
0x00007ffa84ae0000 - 0x00007ffa84b0b000 	C:\windows\System32\GDI32.dll
0x00007ffa83a60000 - 0x00007ffa83afe000 	C:\windows\System32\msvcrt.dll
0x00007ffa83040000 - 0x00007ffa8314b000 	C:\windows\System32\gdi32full.dll
0x00007ffa83660000 - 0x00007ffa836fd000 	C:\windows\System32\msvcp_win.dll
0x00007ffa83dc0000 - 0x00007ffa83df0000 	C:\windows\System32\IMM32.DLL
0x00007ffa32a90000 - 0x00007ffa32b2d000 	C:\Program Files\Android\Android Studio\jre\bin\msvcp140.dll
0x00007ffa30eb0000 - 0x00007ffa3196c000 	C:\Program Files\Android\Android Studio\jre\bin\server\jvm.dll
0x00007ffa83720000 - 0x00007ffa837cc000 	C:\windows\System32\ADVAPI32.dll
0x00007ffa85420000 - 0x00007ffa854bb000 	C:\windows\System32\sechost.dll
0x00007ffa84fa0000 - 0x00007ffa850ca000 	C:\windows\System32\RPCRT4.dll
0x00007ffa84f90000 - 0x00007ffa84f98000 	C:\windows\System32\PSAPI.DLL
0x00007ffa7cf50000 - 0x00007ffa7cf59000 	C:\windows\SYSTEM32\WSOCK32.dll
0x00007ffa7a0b0000 - 0x00007ffa7a0ba000 	C:\windows\SYSTEM32\VERSION.dll
0x00007ffa59340000 - 0x00007ffa59367000 	C:\windows\SYSTEM32\WINMM.dll
0x00007ffa83cf0000 - 0x00007ffa83d5b000 	C:\windows\System32\WS2_32.dll
0x00007ffa81650000 - 0x00007ffa81662000 	C:\windows\SYSTEM32\kernel.appcore.dll
0x00007ffa7a770000 - 0x00007ffa7a781000 	C:\Program Files\Android\Android Studio\jre\bin\verify.dll
0x00007ffa808e0000 - 0x00007ffa80ac4000 	C:\windows\SYSTEM32\DBGHELP.DLL
0x00007ffa62070000 - 0x00007ffa6209c000 	C:\windows\SYSTEM32\dbgcore.DLL
0x00007ffa82f30000 - 0x00007ffa82fb3000 	C:\windows\System32\bcryptPrimitives.dll
0x00007ffa7a740000 - 0x00007ffa7a769000 	C:\Program Files\Android\Android Studio\jre\bin\java.dll
0x00007ffa7c230000 - 0x00007ffa7c23b000 	C:\Program Files\Android\Android Studio\jre\bin\jimage.dll
0x00007ffa7a720000 - 0x00007ffa7a738000 	C:\Program Files\Android\Android Studio\jre\bin\zip.dll
0x00007ffa84150000 - 0x00007ffa8488f000 	C:\windows\System32\SHELL32.dll
0x00007ffa80eb0000 - 0x00007ffa81640000 	C:\windows\SYSTEM32\windows.storage.dll
0x00007ffa83df0000 - 0x00007ffa84145000 	C:\windows\System32\combase.dll
0x00007ffa82820000 - 0x00007ffa8284c000 	C:\windows\SYSTEM32\Wldp.dll
0x00007ffa848f0000 - 0x00007ffa8499d000 	C:\windows\System32\SHCORE.dll
0x00007ffa853c0000 - 0x00007ffa85415000 	C:\windows\System32\shlwapi.dll
0x00007ffa82d10000 - 0x00007ffa82d2f000 	C:\windows\SYSTEM32\profapi.dll
0x00007ffa7a700000 - 0x00007ffa7a71a000 	C:\Program Files\Android\Android Studio\jre\bin\net.dll
0x00007ffa7d850000 - 0x00007ffa7d958000 	C:\windows\SYSTEM32\WINHTTP.dll
0x00007ffa82580000 - 0x00007ffa825ea000 	C:\windows\system32\mswsock.dll
0x00007ffa7a6e0000 - 0x00007ffa7a6f4000 	C:\Program Files\Android\Android Studio\jre\bin\nio.dll
0x00007ffa6c980000 - 0x00007ffa6c9a6000 	C:\Users\HP\.gradle\native\fdc75f09e3144964f2cf3f50f0aa648679c211496f362492102eb8c894070792\windows-amd64\native-platform.dll
0x00007ffa30c00000 - 0x00007ffa30d91000 	C:\Users\HP\.gradle\native\12488b8bf47d2d4c9fbf2f6322a914ad602e24e48041cd04a747c6da556b65c4\windows-amd64\native-platform-file-events.dll
0x00007ffa7bf00000 - 0x00007ffa7bf0a000 	C:\Program Files\Android\Android Studio\jre\bin\management.dll
0x00007ffa7a6d0000 - 0x00007ffa7a6dc000 	C:\Program Files\Android\Android Studio\jre\bin\management_ext.dll
0x00007ffa82770000 - 0x00007ffa82788000 	C:\windows\SYSTEM32\CRYPTSP.dll
0x00007ffa81e90000 - 0x00007ffa81ec4000 	C:\windows\system32\rsaenh.dll
0x00007ffa83010000 - 0x00007ffa83037000 	C:\windows\System32\bcrypt.dll
0x00007ffa82c90000 - 0x00007ffa82cbe000 	C:\windows\SYSTEM32\USERENV.dll
0x00007ffa82790000 - 0x00007ffa8279c000 	C:\windows\SYSTEM32\CRYPTBASE.dll
0x00007ffa82220000 - 0x00007ffa8225b000 	C:\windows\SYSTEM32\IPHLPAPI.DLL
0x00007ffa84ad0000 - 0x00007ffa84ad8000 	C:\windows\System32\NSI.dll
0x00007ffa7c780000 - 0x00007ffa7c797000 	C:\windows\SYSTEM32\dhcpcsvc6.DLL
0x00007ffa7c760000 - 0x00007ffa7c77d000 	C:\windows\SYSTEM32\dhcpcsvc.DLL
0x00007ffa82270000 - 0x00007ffa8233c000 	C:\windows\SYSTEM32\DNSAPI.dll
0x00007ffa7d970000 - 0x00007ffa7d97b000 	C:\windows\SYSTEM32\WINNSI.DLL

dbghelp: loaded successfully - version: 4.0.5 - missing functions: none
symbol engine: initialized successfully - sym options: 0x614 - pdb path: .;C:\Program Files\Android\Android Studio\jre\bin;C:\windows\SYSTEM32;C:\windows\WinSxS\amd64_microsoft.windows.common-controls_6595b64144ccf1df_6.0.19041.1110_none_60b5254171f9507e;C:\Program Files\Android\Android Studio\jre\bin\server;C:\Users\HP\.gradle\native\fdc75f09e3144964f2cf3f50f0aa648679c211496f362492102eb8c894070792\windows-amd64;C:\Users\HP\.gradle\native\12488b8bf47d2d4c9fbf2f6322a914ad602e24e48041cd04a747c6da556b65c4\windows-amd64

VM Arguments:
jvm_args: --add-opens=java.base/java.util=ALL-UNNAMED --add-opens=java.base/java.lang=ALL-UNNAMED --add-opens=java.base/java.lang.invoke=ALL-UNNAMED --add-opens=java.prefs/java.util.prefs=ALL-UNNAMED -Xmx2048m -Dfile.encoding=UTF-8 -Duser.country=US -Duser.language=en -Duser.variant 
java_command: org.gradle.launcher.daemon.bootstrap.GradleDaemon 6.7.1
java_class_path (initial): C:\Users\HP\.gradle\wrapper\dists\gradle-6.7.1-bin\bwlcbys1h7rz3272sye1xwiv6\gradle-6.7.1\lib\gradle-launcher-6.7.1.jar
Launcher Type: SUN_STANDARD

[Global flags]
     intx CICompilerCount                          = 4                                         {product} {ergonomic}
     uint ConcGCThreads                            = 2                                         {product} {ergonomic}
     uint G1ConcRefinementThreads                  = 8                                         {product} {ergonomic}
   size_t G1HeapRegionSize                         = 1048576                                   {product} {ergonomic}
    uintx GCDrainStackTargetSize                   = 64                                        {product} {ergonomic}
   size_t InitialHeapSize                          = 132120576                                 {product} {ergonomic}
   size_t MarkStackSize                            = 4194304                                   {product} {ergonomic}
   size_t MaxHeapSize                              = 2147483648                                {product} {command line}
   size_t MaxNewSize                               = 1287651328                                {product} {ergonomic}
   size_t MinHeapDeltaBytes                        = 1048576                                   {product} {ergonomic}
    uintx NonNMethodCodeHeapSize                   = 5836300                                {pd product} {ergonomic}
    uintx NonProfiledCodeHeapSize                  = 122910970                              {pd product} {ergonomic}
    uintx ProfiledCodeHeapSize                     = 122910970                              {pd product} {ergonomic}
    uintx ReservedCodeCacheSize                    = 251658240                              {pd product} {ergonomic}
     bool SegmentedCodeCache                       = true                                      {product} {ergonomic}
     bool UseCompressedClassPointers               = true                                 {lp64_product} {ergonomic}
     bool UseCompressedOops                        = true                                 {lp64_product} {ergonomic}
     bool UseG1GC                                  = true                                      {product} {ergonomic}
     bool UseLargePagesIndividualAllocation        = false                                  {pd product} {ergonomic}

Logging:
Log output configuration:
 #0: stdout all=warning uptime,level,tags
 #1: stderr all=off uptime,level,tags

Environment Variables:
JAVA_HOME=C:\Program Files\Java\jdk-16.0.2
PATH=C:\Program Files\AdoptOpenJDK\jdk-11.0.11.9-hotspot\bin;C:\Program Files\Common Files\Oracle\Java\javapath;C:\Program Files\Java\jdk-11.0.11\bin;C:\windows\system32;C:\windows;C:\windows\System32\Wbem;C:\windows\System32\WindowsPowerShell\v1.0\;C:\windows\System32\OpenSSH\;C:\Program Files\Microsoft SQL Server\Client SDK\ODBC\170\Tools\Binn\;C:\Program Files (x86)\Microsoft SQL Server\150\Tools\Binn\;C:\Program Files\Microsoft SQL Server\150\Tools\Binn\;C:\Program Files\Microsoft SQL Server\150\DTS\Binn\;C:\Program Files (x86)\Microsoft SQL Server\150\DTS\Binn\;C:\Program Files\Azure Data Studio\bin;C:\Program Files\Java\jdk-11.0.11\bin;C:\Users\HP\AppData\Local\Microsoft\WindowsApps;C:\Users\HP\AppData\Local\Programs\Microsoft VS Code\bin;C:\Program Files\JetBrains\IntelliJ IDEA 2021.2\bin;;C:\Program Files\Azure Data Studio\bin
USERNAME=HP
OS=Windows_NT
PROCESSOR_IDENTIFIER=Intel64 Family 6 Model 140 Stepping 1, GenuineIntel



---------------  S Y S T E M  ---------------

OS: Windows 10 , 64 bit Build 19041 (10.0.19041.1202)
OS uptime: 0 days 0:21 hours

CPU:total 8 (initial active 8) (4 cores per cpu, 2 threads per core) family 6 model 140 stepping 1, cmov, cx8, fxsr, mmx, sse, sse2, sse3, ssse3, sse4.1, sse4.2, popcnt, avx, avx2, aes, clmul, erms, 3dnowpref, lzcnt, ht, tsc, tscinvbit, bmi1, bmi2, adx, evex, sha, fma

Memory: 4k page, system-wide physical 7957M (190M free)
TotalPageFile size 11957M (AvailPageFile size 5M)
current process WorkingSet (physical memory assigned to process): 396M, peak: 398M
current process commit charge ("private bytes"): 496M, peak: 497M

vm_info: OpenJDK 64-Bit Server VM (11.0.8+10-b944.6842174) for windows-amd64 JRE (11.0.8+10-b944.6842174), built on Sep 19 2020 01:11:42 by "builder" with MS VC++ 14.0 (VS2015)

END.
